#
# There is insufficient memory for the Java Runtime Environment to continue.
# Native memory allocation (malloc) failed to allocate 32784 bytes for Chunk::new
# Possible reasons:
#   The system is out of physical RAM or swap space
#   In 32 bit mode, the process size limit was hit
# Possible solutions:
#   Reduce memory load on the system
#   Increase physical memory or swap space
#   Check if swap backing store is full
#   Use 64 bit Java on a 64 bit OS
#   Decrease Java heap size (-Xmx/-Xms)
#   Decrease number of Java threads
#   Decrease Java thread stack sizes (-Xss)
#   Set larger code cache with -XX:ReservedCodeCacheSize=
# This output file may be truncated or incomplete.
#
#  Out of Memory Error (allocation.cpp:390), pid=7000, tid=9100
#
# JRE version: Java(TM) SE Runtime Environment (8.0_51-b16) (build 1.8.0_51-b16)
# Java VM: Java HotSpot(TM) 64-Bit Server VM (25.51-b03 mixed mode windows-amd64 compressed oops)
# Failed to write core dump. Minidumps are not enabled by default on client versions of Windows
#

---------------  T H R E A D  ---------------

Current thread (0x0000000016fc2000):  JavaThread "C2 CompilerThread2" daemon [_thread_in_native, id=9100, stack(0x0000000017790000,0x0000000017890000)]

Stack: [0x0000000017790000,0x0000000017890000]
[error occurred during error reporting (printing stack bounds), id 0xc0000005]

Native frames: (J=compiled Java code, j=interpreted, Vv=VM code, C=native code)
V  [jvm.dll+0x32b4ca]
V  [jvm.dll+0x2797e3]
V  [jvm.dll+0x27a479]
V  [jvm.dll+0x293446]
V  [jvm.dll+0x297d3c]
V  [jvm.dll+0x5ca9cf]
C  [msvcr100.dll+0x712e3]
V  [jvm.dll+0x5ca0cd]
C  [ntdll.dll+0x9633d]
C  [ntdll.dll+0x13c00]
C  [ntdll.dll+0x9544a]
V  [jvm.dll+0x21bbc1]


Current CompileTask:
C2:   1072  997   !   4       com.android.dx.rop.code.RegisterSpec::intern (70 bytes)


---------------  P R O C E S S  ---------------

Java Threads: ( => current thread )
  0x0000000017171800 JavaThread "pool-1-thread-4" [_thread_in_Java, id=1352, stack(0x0000000017f90000,0x0000000018090000)]
  0x0000000017171000 JavaThread "pool-1-thread-3" [_thread_in_vm, id=8364, stack(0x0000000017e90000,0x0000000017f90000)]
  0x0000000017172800 JavaThread "pool-1-thread-2" [_thread_in_vm, id=4636, stack(0x0000000017d90000,0x0000000017e90000)]
  0x0000000017170000 JavaThread "pool-2-thread-1" [_thread_blocked, id=8284, stack(0x0000000017c90000,0x0000000017d90000)]
  0x000000001715e800 JavaThread "pool-1-thread-1" [_thread_in_Java, id=7524, stack(0x0000000017b90000,0x0000000017c90000)]
  0x000000001702d800 JavaThread "Service Thread" daemon [_thread_blocked, id=7256, stack(0x0000000017990000,0x0000000017a90000)]
  0x0000000016fc7000 JavaThread "C1 CompilerThread3" daemon [_thread_in_native, id=5704, stack(0x0000000017890000,0x0000000017990000)]
=>0x0000000016fc2000 JavaThread "C2 CompilerThread2" daemon [_thread_in_native, id=9100, stack(0x0000000017790000,0x0000000017890000)]
  0x0000000016fbb800 JavaThread "C2 CompilerThread1" daemon [_thread_in_native, id=5792, stack(0x0000000017690000,0x0000000017790000)]
  0x0000000016fb4800 JavaThread "C2 CompilerThread0" daemon [_thread_in_native, id=6600, stack(0x0000000017590000,0x0000000017690000)]
  0x0000000016fb3000 JavaThread "Attach Listener" daemon [_thread_blocked, id=3224, stack(0x0000000017490000,0x0000000017590000)]
  0x0000000016fc6800 JavaThread "Signal Dispatcher" daemon [_thread_blocked, id=9060, stack(0x0000000017390000,0x0000000017490000)]
  0x0000000002483000 JavaThread "Finalizer" daemon [_thread_blocked, id=6164, stack(0x0000000016e90000,0x0000000016f90000)]
  0x0000000002482000 JavaThread "Reference Handler" daemon [_thread_blocked, id=8904, stack(0x0000000016d90000,0x0000000016e90000)]
  0x000000000238d800 JavaThread "main" [_thread_in_Java, id=6900, stack(0x00000000021f0000,0x00000000022f0000)]

Other Threads:
  0x0000000014fa9000 VMThread [stack: 0x0000000016c90000,0x0000000016d90000] [id=2932]
  0x0000000017036000 WatcherThread [stack: 0x0000000017a90000,0x0000000017b90000] [id=8872]

VM state:not at safepoint (normal execution)

VM Mutex/Monitor currently owned by a thread: None

Heap:
 PSYoungGen      total 38400K, used 23375K [0x00000000eab00000, 0x00000000ed580000, 0x0000000100000000)
  eden space 33280K, 70% used [0x00000000eab00000,0x00000000ec1d3d50,0x00000000ecb80000)
  from space 5120K, 0% used [0x00000000ed080000,0x00000000ed080000,0x00000000ed580000)
  to   space 5120K, 0% used [0x00000000ecb80000,0x00000000ecb80000,0x00000000ed080000)
 ParOldGen       total 87552K, used 0K [0x00000000c0000000, 0x00000000c5580000, 0x00000000eab00000)
  object space 87552K, 0% used [0x00000000c0000000,0x00000000c0000000,0x00000000c5580000)
 Metaspace       used 5752K, capacity 6832K, committed 7040K, reserved 1056768K
  class space    used 584K, capacity 616K, committed 640K, reserved 1048576K

Card table byte_map: [0x0000000011850000,0x0000000011a60000] byte_map_base: 0x0000000011250000

Marking Bits: (ParMarkBitMap*) 0x000000006f634040
 Begin Bits: [0x00000000123c0000, 0x00000000133c0000)
 End Bits:   [0x00000000133c0000, 0x00000000143c0000)

Polling page: 0x00000000006d0000

CodeCache: size=245760Kb used=4062Kb max_used=4062Kb free=241698Kb
 bounds [0x0000000002490000, 0x0000000002890000, 0x0000000011490000]
 total_blobs=1288 nmethods=1020 adapters=182
 compilation: enabled

Compilation events (10 events):
Event: 1.024 Thread 0x0000000016fc2000 nmethod 992 0x00000000028580d0 code [0x0000000002858220, 0x0000000002858338]
Event: 1.024 Thread 0x0000000016fc2000  997   !   4       com.android.dx.rop.code.RegisterSpec::intern (70 bytes)
Event: 1.030 Thread 0x0000000016fbb800 nmethod 982 0x000000000285b550 code [0x000000000285b6e0, 0x000000000285bd68]
Event: 1.030 Thread 0x0000000016fbb800 1000       4       java.util.BitSet::cardinality (32 bytes)
Event: 1.032 Thread 0x0000000016fbb800 nmethod 1000 0x0000000002857e50 code [0x0000000002857f80, 0x0000000002858038]
Event: 1.032 Thread 0x0000000016fbb800  999       4       com.android.dx.rop.type.Type::getBasicFrameType (60 bytes)
Event: 1.032 Thread 0x0000000016fbb800 nmethod 999 0x0000000002857c50 code [0x0000000002857d80, 0x0000000002857df8]
Event: 1.032 Thread 0x0000000016fbb800  996       4       com.android.dx.cf.code.BaseMachine::clearArgs (56 bytes)
Event: 1.034 Thread 0x0000000016fbb800 nmethod 996 0x00000000027daf50 code [0x00000000027db080, 0x00000000027db118]
Event: 1.034 Thread 0x0000000016fbb800 1004       4       java.util.Arrays::equals (78 bytes)

GC Heap History (0 events):
No events

Deoptimization events (10 events):
Event: 0.531 Thread 0x0000000017172800 Uncommon trap: reason=class_check action=maybe_recompile pc=0x000000000263dc50 method=com.android.dx.rop.cst.CstMemberRef.compareTo0(Lcom/android/dx/rop/cst/Constant;)I @ 1
Event: 0.531 Thread 0x0000000017171000 Uncommon trap: reason=class_check action=maybe_recompile pc=0x000000000263dc50 method=com.android.dx.rop.cst.CstMemberRef.compareTo0(Lcom/android/dx/rop/cst/Constant;)I @ 1
Event: 0.631 Thread 0x000000000238d800 Uncommon trap: reason=unstable_if action=reinterpret pc=0x000000000268aa58 method=com.android.dx.rop.cst.CstFieldRef.compareTo0(Lcom/android/dx/rop/cst/Constant;)I @ 7
Event: 0.631 Thread 0x000000000238d800 Uncommon trap: reason=unstable_if action=reinterpret pc=0x000000000263d294 method=com.android.dx.rop.cst.CstFieldRef.compareTo0(Lcom/android/dx/rop/cst/Constant;)I @ 7
Event: 0.876 Thread 0x000000001715e800 Uncommon trap: reason=class_check action=maybe_recompile pc=0x00000000027a54d0 method=com.android.dx.ssa.SsaBasicBlock.forEachInsn(Lcom/android/dx/ssa/SsaInsn$Visitor;)V @ 23
Event: 0.876 Thread 0x000000001715e800 Uncommon trap: reason=class_check action=maybe_recompile pc=0x00000000027a54d0 method=com.android.dx.ssa.SsaBasicBlock.forEachInsn(Lcom/android/dx/ssa/SsaInsn$Visitor;)V @ 23
Event: 0.876 Thread 0x000000001715e800 Uncommon trap: reason=class_check action=maybe_recompile pc=0x00000000027a54d0 method=com.android.dx.ssa.SsaBasicBlock.forEachInsn(Lcom/android/dx/ssa/SsaInsn$Visitor;)V @ 23
Event: 0.877 Thread 0x000000001715e800 Uncommon trap: reason=class_check action=maybe_recompile pc=0x00000000027a54d0 method=com.android.dx.ssa.SsaBasicBlock.forEachInsn(Lcom/android/dx/ssa/SsaInsn$Visitor;)V @ 23
Event: 0.945 Thread 0x000000000238d800 Uncommon trap: reason=unloaded action=reinterpret pc=0x000000000275b630 method=com.android.dx.cf.cst.ConstantPoolParser.parse0(ILjava/util/BitSet;)Lcom/android/dx/rop/cst/Constant; @ 475
Event: 0.995 Thread 0x0000000017171000 Uncommon trap: reason=class_check action=maybe_recompile pc=0x00000000027b911c method=com.android.dx.ssa.NormalSsaInsn.accept(Lcom/android/dx/ssa/SsaInsn$Visitor;)V @ 9

Internal exceptions (2 events):
Event: 0.051 Thread 0x000000000238d800 Exception <a 'java/lang/NoSuchMethodError': Method sun.misc.Unsafe.defineClass(Ljava/lang/String;[BII)Ljava/lang/Class; name or signature does not match> (0x00000000eab0d180) thrown at [C:\re\workspace\8-2-build-windows-amd64-cygwin\jdk8u51\3951\hotspot\sröØ∑Å;™?
Event: 0.051 Thread 0x000000000238d800 Exception <a 'java/lang/NoSuchMethodError': Method sun.misc.Unsafe.prefetchRead(Ljava/lang/Object;J)V name or signature does not match> (0x00000000eab0d410) thrown at [C:\re\workspace\8-2-build-windows-amd64-cygwin\jdk8u51\3951\hotspot\src\share\vm\prims\j

Events (10 events):
Event: 0.963 loading class com/android/dx/cf/attrib/AttRuntimeInvisibleAnnotations done
Event: 0.963 loading class com/android/dx/cf/attrib/BaseAnnotations
Event: 0.963 loading class com/android/dx/cf/attrib/BaseAnnotations done
Event: 0.964 loading class java/util/ArrayList$1
Event: 0.964 loading class java/util/ArrayList$1 done
Event: 0.969 loading class com/android/dx/ssa/back/FirstFitLocalCombiningAllocator$Multiset
Event: 0.969 loading class com/android/dx/ssa/back/FirstFitLocalCombiningAllocator$Multiset done
Event: 0.995 Thread 0x0000000017171000 Uncommon trap: trap_request=0xffffffde fr.pc=0x00000000027b911c
Event: 0.995 Thread 0x0000000017171000 DEOPT PACKING pc=0x00000000027b911c sp=0x0000000017f8eaf0
Event: 0.995 Thread 0x0000000017171000 DEOPT UNPACKING pc=0x00000000024d582a sp=0x0000000017f8ea30 mode 2


Dynamic libraries:
0x00007ff6cbf80000 - 0x00007ff6cbfb7000 	C:\Program Files\Java\jdk1.8.0_51\bin\java.exe
0x00007ffe36380000 - 0x00007ffe36541000 	C:\WINDOWS\SYSTEM32\ntdll.dll
0x00007ffe36270000 - 0x00007ffe3631d000 	C:\WINDOWS\system32\KERNEL32.DLL
0x00007ffe33020000 - 0x00007ffe331fd000 	C:\WINDOWS\system32\KERNELBASE.dll
0x00007ffe33c00000 - 0x00007ffe33ca6000 	C:\WINDOWS\system32\ADVAPI32.dll
0x00007ffe360f0000 - 0x00007ffe3618d000 	C:\WINDOWS\system32\msvcrt.dll
0x00007ffe34880000 - 0x00007ffe348db000 	C:\WINDOWS\system32\sechost.dll
0x00007ffe33ad0000 - 0x00007ffe33bf6000 	C:\WINDOWS\system32\RPCRT4.dll
0x00007ffe33ec0000 - 0x00007ffe3400e000 	C:\WINDOWS\system32\USER32.dll
0x00007ffe343f0000 - 0x00007ffe34576000 	C:\WINDOWS\system32\GDI32.dll
0x00007ffe2e0a0000 - 0x00007ffe2e314000 	C:\WINDOWS\WinSxS\amd64_microsoft.windows.common-controls_6595b64144ccf1df_6.0.10240.16384_none_f41f7b285750ef43\COMCTL32.dll
0x00007ffe35ee0000 - 0x00007ffe35f16000 	C:\WINDOWS\system32\IMM32.DLL
0x00007ffe33cb0000 - 0x00007ffe33e0c000 	C:\WINDOWS\system32\MSCTF.dll
0x000000006f6c0000 - 0x000000006f792000 	C:\Program Files\Java\jdk1.8.0_51\jre\bin\msvcr100.dll
0x000000006ee30000 - 0x000000006f6b3000 	C:\Program Files\Java\jdk1.8.0_51\jre\bin\server\jvm.dll
0x00007ffe35ed0000 - 0x00007ffe35ed8000 	C:\WINDOWS\system32\PSAPI.DLL
0x00007ffe305a0000 - 0x00007ffe305a9000 	C:\WINDOWS\SYSTEM32\WSOCK32.dll
0x00007ffe33a50000 - 0x00007ffe33ab9000 	C:\WINDOWS\system32\WS2_32.dll
0x00007ffe33ac0000 - 0x00007ffe33ac8000 	C:\WINDOWS\system32\NSI.dll
0x00007ffe31400000 - 0x00007ffe31423000 	C:\WINDOWS\SYSTEM32\WINMM.dll
0x00007ffe2f540000 - 0x00007ffe2f54a000 	C:\WINDOWS\SYSTEM32\VERSION.dll
0x00007ffe312c0000 - 0x00007ffe312ec000 	C:\WINDOWS\SYSTEM32\WINMMBASE.dll
0x00007ffe33a00000 - 0x00007ffe33a44000 	C:\WINDOWS\system32\cfgmgr32.dll
0x00007ffe31720000 - 0x00007ffe31747000 	C:\WINDOWS\SYSTEM32\DEVOBJ.dll
0x000000006ee20000 - 0x000000006ee2f000 	C:\Program Files\Java\jdk1.8.0_51\jre\bin\verify.dll
0x000000006edf0000 - 0x000000006ee19000 	C:\Program Files\Java\jdk1.8.0_51\jre\bin\java.dll
0x000000006edd0000 - 0x000000006ede6000 	C:\Program Files\Java\jdk1.8.0_51\jre\bin\zip.dll
0x00007ffe349a0000 - 0x00007ffe35ec2000 	C:\WINDOWS\system32\SHELL32.dll
0x00007ffe333d0000 - 0x00007ffe339f8000 	C:\WINDOWS\system32\windows.storage.dll
0x00007ffe34010000 - 0x00007ffe3428c000 	C:\WINDOWS\system32\combase.dll
0x00007ffe348e0000 - 0x00007ffe34931000 	C:\WINDOWS\system32\shlwapi.dll
0x00007ffe32dd0000 - 0x00007ffe32ddf000 	C:\WINDOWS\system32\kernel.appcore.dll
0x00007ffe33310000 - 0x00007ffe333c3000 	C:\WINDOWS\system32\shcore.dll
0x00007ffe32e00000 - 0x00007ffe32e4a000 	C:\WINDOWS\system32\powrprof.dll
0x00007ffe32db0000 - 0x00007ffe32dc3000 	C:\WINDOWS\system32\profapi.dll
0x00007ffe25620000 - 0x00007ffe257aa000 	C:\WINDOWS\SYSTEM32\dbghelp.dll

VM Arguments:
jvm_args: -Djava.awt.headless=true -Xmx1024M -Dfile.encoding=windows-1252 -Duser.country=ES -Duser.language=es -Duser.variant 
java_command: com.android.dx.command.Main --dex --num-threads=4 --output E:\Programas\proyectos android\moneyManagerV4\app\build\intermediates\pre-dexed\debug\debug_c47d69315e6cbb75e978f459bd6dfcbd48f681e0.jar E:\Programas\proyectos android\moneyManagerV4\app\build\intermediates\classes\debug
java_class_path (initial): C:\Android\sdk\build-tools\23.0.2\lib\dx.jar
Launcher Type: SUN_STANDARD

Environment Variables:
JAVA_HOME=C:\Program Files\Java\jdk1.8.0_60
PATH=C:\ProgramData\Oracle\Java\javapath;C:\Windows\system32;C:\Windows;C:\Windows\System32\Wbem;C:\Windows\System32\WindowsPowerShell\v1.0\;C:\Program Files (x86)\NVIDIA Corporation\PhysX\Common;C:\WINDOWS\system32;C:\WINDOWS;C:\WINDOWS\System32\Wbem;C:\WINDOWS\System32\WindowsPowerShell\v1.0\;C:\Program Files (x86)\GtkSharp\2.12\bin
USERNAME=Rene AMG
OS=Windows_NT
PROCESSOR_IDENTIFIER=AMD64 Family 21 Model 2 Stepping 0, AuthenticAMD



---------------  S Y S T E M  ---------------

OS: Windows 10.0 , 64 bit Build 10240 (10.0.10240.16384)

CPU:total 8 (8 cores per cpu, 1 threads per core) family 21 model 2 stepping 0, cmov, cx8, fxsr, mmx, sse, sse2, sse3, ssse3, sse4.1, sse4.2, popcnt, avx, aes, clmul, mmxext, 3dnowpref, lzcnt, sse4a, tsc, tscinvbit, tscinv, bmi1

Memory: 4k page, physical 8354460k(2642448k free), swap 10033116k(268k free)

vm_info: Java HotSpot(TM) 64-Bit Server VM (25.51-b03) for windows-amd64 JRE (1.8.0_51-b16), built on Jun  8 2015 18:03:07 by "java_re" with MS VC++ 10.0 (VS2010)

time: Wed Nov 25 18:10:53 2015
elapsed time: 1 seconds (0d 0h 0m 1s)

