#
# There is insufficient memory for the Java Runtime Environment to continue.
# Native memory allocation (malloc) failed to allocate 966896 bytes for Chunk::new
# Possible reasons:
#   The system is out of physical RAM or swap space
#   In 32 bit mode, the process size limit was hit
# Possible solutions:
#   Reduce memory load on the system
#   Increase physical memory or swap space
#   Check if swap backing store is full
#   Use 64 bit Java on a 64 bit OS
#   Decrease Java heap size (-Xmx/-Xms)
#   Decrease number of Java threads
#   Decrease Java thread stack sizes (-Xss)
#   Set larger code cache with -XX:ReservedCodeCacheSize=
# This output file may be truncated or incomplete.
#
#  Out of Memory Error (allocation.cpp:390), pid=9684, tid=6824
#
# JRE version: Java(TM) SE Runtime Environment (8.0_51-b16) (build 1.8.0_51-b16)
# Java VM: Java HotSpot(TM) 64-Bit Server VM (25.51-b03 mixed mode windows-amd64 compressed oops)
# Failed to write core dump. Minidumps are not enabled by default on client versions of Windows
#

---------------  T H R E A D  ---------------

Current thread (0x0000000016e11000):  JavaThread "C2 CompilerThread2" daemon [_thread_in_native, id=6824, stack(0x00000000175e0000,0x00000000176e0000)]

Stack: [0x00000000175e0000,0x00000000176e0000]
[error occurred during error reporting (printing stack bounds), id 0xc0000005]

Native frames: (J=compiled Java code, j=interpreted, Vv=VM code, C=native code)
V  [jvm.dll+0x32b4ca]
V  [jvm.dll+0x2797e3]
V  [jvm.dll+0x27a479]
V  [jvm.dll+0x293446]
V  [jvm.dll+0x297d3c]
V  [jvm.dll+0x5ca9cf]
C  [msvcr100.dll+0x712e3]
V  [jvm.dll+0x5ca0cd]
C  [ntdll.dll+0x9633d]
C  [ntdll.dll+0x13c00]
C  [ntdll.dll+0x9544a]
V  [jvm.dll+0x21bbc1]


Current CompileTask:
C2:   1811 1449       4       com.android.dx.ssa.SCCP::simulateBlock (54 bytes)


---------------  P R O C E S S  ---------------

Java Threads: ( => current thread )
  0x00000000170f6000 JavaThread "pool-1-thread-4" [_thread_in_Java, id=6964, stack(0x00000000185e0000,0x00000000186e0000)]
  0x00000000170f1000 JavaThread "pool-1-thread-3" [_thread_in_Java, id=8836, stack(0x00000000184e0000,0x00000000185e0000)]
  0x00000000171d7000 JavaThread "pool-1-thread-2" [_thread_in_Java, id=6936, stack(0x00000000183e0000,0x00000000184e0000)]
  0x00000000171ce800 JavaThread "pool-2-thread-1" [_thread_blocked, id=3200, stack(0x00000000182e0000,0x00000000183e0000)]
  0x00000000171ce000 JavaThread "pool-1-thread-1" [_thread_blocked, id=6168, stack(0x00000000181e0000,0x00000000182e0000)]
  0x0000000016e3b800 JavaThread "Service Thread" daemon [_thread_blocked, id=6740, stack(0x00000000177e0000,0x00000000178e0000)]
  0x0000000016e1e800 JavaThread "C1 CompilerThread3" daemon [_thread_in_native, id=3764, stack(0x00000000176e0000,0x00000000177e0000)]
=>0x0000000016e11000 JavaThread "C2 CompilerThread2" daemon [_thread_in_native, id=6824, stack(0x00000000175e0000,0x00000000176e0000)]
  0x0000000016e0c000 JavaThread "C2 CompilerThread1" daemon [_thread_in_native, id=6592, stack(0x00000000174e0000,0x00000000175e0000)]
  0x0000000016e06000 JavaThread "C2 CompilerThread0" daemon [_thread_in_native, id=3692, stack(0x00000000173e0000,0x00000000174e0000)]
  0x0000000016e04800 JavaThread "Attach Listener" daemon [_thread_blocked, id=8248, stack(0x00000000172e0000,0x00000000173e0000)]
  0x0000000016e03800 JavaThread "Signal Dispatcher" daemon [_thread_blocked, id=8100, stack(0x00000000171e0000,0x00000000172e0000)]
  0x00000000022d3000 JavaThread "Finalizer" daemon [_thread_blocked, id=9956, stack(0x0000000016ce0000,0x0000000016de0000)]
  0x00000000022d2000 JavaThread "Reference Handler" daemon [_thread_blocked, id=1580, stack(0x0000000016be0000,0x0000000016ce0000)]
  0x0000000001fdd800 JavaThread "main" [_thread_in_Java, id=6852, stack(0x00000000020e0000,0x00000000021e0000)]

Other Threads:
  0x0000000014df9000 VMThread [stack: 0x0000000016ae0000,0x0000000016be0000] [id=4920]
  0x0000000016e3c000 WatcherThread [stack: 0x00000000178e0000,0x00000000179e0000] [id=2424]

VM state:not at safepoint (normal execution)

VM Mutex/Monitor currently owned by a thread: None

Heap:
 PSYoungGen      total 38400K, used 26772K [0x00000000eab00000, 0x00000000ef600000, 0x0000000100000000)
  eden space 33280K, 65% used [0x00000000eab00000,0x00000000ec028f70,0x00000000ecb80000)
  from space 5120K, 99% used [0x00000000ecb80000,0x00000000ed07c3b0,0x00000000ed080000)
  to   space 5120K, 0% used [0x00000000ef100000,0x00000000ef100000,0x00000000ef600000)
 ParOldGen       total 87552K, used 1086K [0x00000000c0000000, 0x00000000c5580000, 0x00000000eab00000)
  object space 87552K, 1% used [0x00000000c0000000,0x00000000c010fb00,0x00000000c5580000)
 Metaspace       used 6102K, capacity 7024K, committed 7296K, reserved 1056768K
  class space    used 593K, capacity 616K, committed 640K, reserved 1048576K

Card table byte_map: [0x00000000116a0000,0x00000000118b0000] byte_map_base: 0x00000000110a0000

Marking Bits: (ParMarkBitMap*) 0x000000006f634040
 Begin Bits: [0x0000000012210000, 0x0000000013210000)
 End Bits:   [0x0000000013210000, 0x0000000014210000)

Polling page: 0x0000000000760000

CodeCache: size=245760Kb used=6163Kb max_used=6163Kb free=239596Kb
 bounds [0x00000000022e0000, 0x00000000028f0000, 0x00000000112e0000]
 total_blobs=1754 nmethods=1486 adapters=182
 compilation: enabled

Compilation events (10 events):
Event: 1.787 Thread 0x0000000016e1e800 nmethod 1473 0x00000000028c17d0 code [0x00000000028c1920, 0x00000000028c1ab0]
Event: 1.787 Thread 0x0000000016e1e800 1474       3       com.android.dx.cf.code.ConcreteMethod::<init> (21 bytes)
Event: 1.788 Thread 0x0000000016e1e800 nmethod 1474 0x00000000028c8dd0 code [0x00000000028c8fc0, 0x00000000028c97f8]
Event: 1.788 Thread 0x0000000016e1e800 1476       3       com.android.dx.cf.code.LineNumberList::concat (92 bytes)
Event: 1.790 Thread 0x0000000016e1e800 nmethod 1476 0x00000000028c9c50 code [0x00000000028c9f80, 0x00000000028cbbe8]
Event: 1.790 Thread 0x0000000016e1e800 1477   !   3       com.android.dx.cf.code.Ropper::convert (52 bytes)
Event: 1.792 Thread 0x0000000016e1e800 nmethod 1477 0x00000000028cd0d0 code [0x00000000028cd300, 0x00000000028cde88]
Event: 1.792 Thread 0x0000000016e1e800 1484       3       com.android.dx.rop.code.RegisterSpecList::make (17 bytes)
Event: 1.792 Thread 0x0000000016e1e800 nmethod 1484 0x00000000028ce410 code [0x00000000028ce5e0, 0x00000000028ceea8]
Event: 1.792 Thread 0x0000000016e1e800 1486   !   3       com.android.dx.cf.cst.ConstantPoolParser::parse0 (731 bytes)

GC Heap History (2 events):
Event: 1.079 GC heap before
{Heap before GC invocations=1 (full 0):
 PSYoungGen      total 38400K, used 33280K [0x00000000eab00000, 0x00000000ed580000, 0x0000000100000000)
  eden space 33280K, 100% used [0x00000000eab00000,0x00000000ecb80000,0x00000000ecb80000)
  from space 5120K, 0% used [0x00000000ed080000,0x00000000ed080000,0x00000000ed580000)
  to   space 5120K, 0% used [0x00000000ecb80000,0x00000000ecb80000,0x00000000ed080000)
 ParOldGen       total 87552K, used 0K [0x00000000c0000000, 0x00000000c5580000, 0x00000000eab00000)
  object space 87552K, 0% used [0x00000000c0000000,0x00000000c0000000,0x00000000c5580000)
 Metaspace       used 5993K, capacity 6960K, committed 7040K, reserved 1056768K
  class space    used 592K, capacity 616K, committed 640K, reserved 1048576K
Event: 1.265 GC heap after
Heap after GC invocations=1 (full 0):
 PSYoungGen      total 38400K, used 5104K [0x00000000eab00000, 0x00000000ef600000, 0x0000000100000000)
  eden space 33280K, 0% used [0x00000000eab00000,0x00000000eab00000,0x00000000ecb80000)
  from space 5120K, 99% used [0x00000000ecb80000,0x00000000ed07c3b0,0x00000000ed080000)
  to   space 5120K, 0% used [0x00000000ef100000,0x00000000ef100000,0x00000000ef600000)
 ParOldGen       total 87552K, used 1086K [0x00000000c0000000, 0x00000000c5580000, 0x00000000eab00000)
  object space 87552K, 1% used [0x00000000c0000000,0x00000000c010fb00,0x00000000c5580000)
 Metaspace       used 5993K, capacity 6960K, committed 7040K, reserved 1056768K
  class space    used 592K, capacity 616K, committed 640K, reserved 1048576K
}

Deoptimization events (5 events):
Event: 0.488 Thread 0x00000000170f6000 Uncommon trap: reason=unstable_if action=reinterpret pc=0x0000000002528984 method=java.util.HashMap.getNode(ILjava/lang/Object;)Ljava/util/HashMap$Node; @ 62
Event: 1.032 Thread 0x00000000170f6000 Uncommon trap: reason=unstable_if action=reinterpret pc=0x000000000259a260 method=com.android.dx.rop.code.RegisterSpec.equals(ILcom/android/dx/rop/type/TypeBearer;Lcom/android/dx/rop/code/LocalItem;)Z @ 42
Event: 1.445 Thread 0x00000000171ce000 Uncommon trap: reason=unstable_if action=reinterpret pc=0x000000000284fb68 method=com.android.dx.ssa.SCCP.simulateBranch(Lcom/android/dx/ssa/SsaInsn;)V @ 107
Event: 1.791 Thread 0x0000000001fdd800 Uncommon trap: reason=unloaded action=reinterpret pc=0x00000000028954c4 method=com.android.dx.cf.cst.ConstantPoolParser.parse0(ILjava/util/BitSet;)Lcom/android/dx/rop/cst/Constant; @ 198
Event: 1.792 Thread 0x0000000001fdd800 Uncommon trap: reason=unstable_if action=reinterpret pc=0x0000000002857ff8 method=com.android.dx.rop.cst.StdConstantPool.set(ILcom/android/dx/rop/cst/Constant;)V @ 12

Internal exceptions (2 events):
Event: 0.054 Thread 0x0000000001fdd800 Exception <a 'java/lang/NoSuchMethodError': Method sun.misc.Unsafe.defineClass(Ljava/lang/String;[BII)Ljava/lang/Class; name or signature does not match> (0x00000000eab0d238) thrown at [C:\re\workspace\8-2-build-windows-amd64-cygwin\jdk8u51\3951\hotspot\srtKµƒÁ«?
Event: 0.054 Thread 0x0000000001fdd800 Exception <a 'java/lang/NoSuchMethodError': Method sun.misc.Unsafe.prefetchRead(Ljava/lang/Object;J)V name or signature does not match> (0x00000000eab0d4c8) thrown at [C:\re\workspace\8-2-build-windows-amd64-cygwin\jdk8u51\3951\hotspot\src\share\vm\prims\j

Events (10 events):
Event: 1.265 Executing VM operation: ParallelGCFailedAllocation done
Event: 1.445 Thread 0x00000000171ce000 Uncommon trap: trap_request=0xffffff65 fr.pc=0x000000000284fb68
Event: 1.445 Thread 0x00000000171ce000 DEOPT PACKING pc=0x000000000284fb68 sp=0x00000000182de4b0
Event: 1.445 Thread 0x00000000171ce000 DEOPT UNPACKING pc=0x000000000232582a sp=0x00000000182de448 mode 2
Event: 1.791 Thread 0x0000000001fdd800 Uncommon trap: trap_request=0x000000d0 fr.pc=0x00000000028954c4
Event: 1.791 Thread 0x0000000001fdd800 DEOPT PACKING pc=0x00000000028954c4 sp=0x00000000021dec40
Event: 1.792 Thread 0x0000000001fdd800 DEOPT UNPACKING pc=0x000000000232582a sp=0x00000000021dec08 mode 2
Event: 1.792 Thread 0x0000000001fdd800 Uncommon trap: trap_request=0xffffff65 fr.pc=0x0000000002857ff8
Event: 1.792 Thread 0x0000000001fdd800 DEOPT PACKING pc=0x0000000002857ff8 sp=0x00000000021debe0
Event: 1.792 Thread 0x0000000001fdd800 DEOPT UNPACKING pc=0x000000000232582a sp=0x00000000021deb88 mode 2


Dynamic libraries:
0x00007ff6cbf80000 - 0x00007ff6cbfb7000 	C:\Program Files\Java\jdk1.8.0_51\bin\java.exe
0x00007ffe36380000 - 0x00007ffe36541000 	C:\WINDOWS\SYSTEM32\ntdll.dll
0x00007ffe36270000 - 0x00007ffe3631d000 	C:\WINDOWS\system32\KERNEL32.DLL
0x00007ffe33020000 - 0x00007ffe331fd000 	C:\WINDOWS\system32\KERNELBASE.dll
0x00007ffe33c00000 - 0x00007ffe33ca6000 	C:\WINDOWS\system32\ADVAPI32.dll
0x00007ffe360f0000 - 0x00007ffe3618d000 	C:\WINDOWS\system32\msvcrt.dll
0x00007ffe34880000 - 0x00007ffe348db000 	C:\WINDOWS\system32\sechost.dll
0x00007ffe33ad0000 - 0x00007ffe33bf6000 	C:\WINDOWS\system32\RPCRT4.dll
0x00007ffe33ec0000 - 0x00007ffe3400e000 	C:\WINDOWS\system32\USER32.dll
0x00007ffe343f0000 - 0x00007ffe34576000 	C:\WINDOWS\system32\GDI32.dll
0x00007ffe2e0a0000 - 0x00007ffe2e314000 	C:\WINDOWS\WinSxS\amd64_microsoft.windows.common-controls_6595b64144ccf1df_6.0.10240.16384_none_f41f7b285750ef43\COMCTL32.dll
0x00007ffe35ee0000 - 0x00007ffe35f16000 	C:\WINDOWS\system32\IMM32.DLL
0x00007ffe33cb0000 - 0x00007ffe33e0c000 	C:\WINDOWS\system32\MSCTF.dll
0x000000006f6c0000 - 0x000000006f792000 	C:\Program Files\Java\jdk1.8.0_51\jre\bin\msvcr100.dll
0x000000006ee30000 - 0x000000006f6b3000 	C:\Program Files\Java\jdk1.8.0_51\jre\bin\server\jvm.dll
0x00007ffe35ed0000 - 0x00007ffe35ed8000 	C:\WINDOWS\system32\PSAPI.DLL
0x00007ffe31400000 - 0x00007ffe31423000 	C:\WINDOWS\SYSTEM32\WINMM.dll
0x00007ffe2f540000 - 0x00007ffe2f54a000 	C:\WINDOWS\SYSTEM32\VERSION.dll
0x00007ffe305a0000 - 0x00007ffe305a9000 	C:\WINDOWS\SYSTEM32\WSOCK32.dll
0x00007ffe33a50000 - 0x00007ffe33ab9000 	C:\WINDOWS\system32\WS2_32.dll
0x00007ffe33ac0000 - 0x00007ffe33ac8000 	C:\WINDOWS\system32\NSI.dll
0x00000000006f0000 - 0x000000000071c000 	C:\WINDOWS\SYSTEM32\WINMMBASE.dll
0x00007ffe33a00000 - 0x00007ffe33a44000 	C:\WINDOWS\system32\cfgmgr32.dll
0x00007ffe31720000 - 0x00007ffe31747000 	C:\WINDOWS\SYSTEM32\DEVOBJ.dll
0x000000006ee20000 - 0x000000006ee2f000 	C:\Program Files\Java\jdk1.8.0_51\jre\bin\verify.dll
0x000000006edf0000 - 0x000000006ee19000 	C:\Program Files\Java\jdk1.8.0_51\jre\bin\java.dll
0x000000006edd0000 - 0x000000006ede6000 	C:\Program Files\Java\jdk1.8.0_51\jre\bin\zip.dll
0x00007ffe349a0000 - 0x00007ffe35ec2000 	C:\WINDOWS\system32\SHELL32.dll
0x00007ffe333d0000 - 0x00007ffe339f8000 	C:\WINDOWS\system32\windows.storage.dll
0x00007ffe34010000 - 0x00007ffe3428c000 	C:\WINDOWS\system32\combase.dll
0x00007ffe348e0000 - 0x00007ffe34931000 	C:\WINDOWS\system32\shlwapi.dll
0x00007ffe32dd0000 - 0x00007ffe32ddf000 	C:\WINDOWS\system32\kernel.appcore.dll
0x00007ffe33310000 - 0x00007ffe333c3000 	C:\WINDOWS\system32\shcore.dll
0x00007ffe32e00000 - 0x00007ffe32e4a000 	C:\WINDOWS\system32\powrprof.dll
0x00007ffe32db0000 - 0x00007ffe32dc3000 	C:\WINDOWS\system32\profapi.dll
0x00007ffe25620000 - 0x00007ffe257aa000 	C:\WINDOWS\SYSTEM32\dbghelp.dll

VM Arguments:
jvm_args: -Djava.awt.headless=true -Xmx1024M -Dfile.encoding=windows-1252 -Duser.country=ES -Duser.language=es -Duser.variant 
java_command: com.android.dx.command.Main --dex --num-threads=4 --output E:\Programas\proyectos android\moneyManagerV4\app\build\intermediates\pre-dexed\debug\com.android.support-appcompat-v7-23.1.0_d3b4d179ee083080fb9a5b9d20d5a29f010cf42f.jar E:\Programas\proyectos android\moneyManagerV4\app\build\intermediates\exploded-aar\com.android.support\appcompat-v7\23.1.0\jars\classes.jar
java_class_path (initial): C:\Android\sdk\build-tools\23.0.2\lib\dx.jar
Launcher Type: SUN_STANDARD

Environment Variables:
JAVA_HOME=C:\Program Files\Java\jdk1.8.0_60
PATH=C:\ProgramData\Oracle\Java\javapath;C:\Windows\system32;C:\Windows;C:\Windows\System32\Wbem;C:\Windows\System32\WindowsPowerShell\v1.0\;C:\Program Files (x86)\NVIDIA Corporation\PhysX\Common;C:\WINDOWS\system32;C:\WINDOWS;C:\WINDOWS\System32\Wbem;C:\WINDOWS\System32\WindowsPowerShell\v1.0\;C:\Program Files (x86)\GtkSharp\2.12\bin
USERNAME=Rene AMG
OS=Windows_NT
PROCESSOR_IDENTIFIER=AMD64 Family 21 Model 2 Stepping 0, AuthenticAMD



---------------  S Y S T E M  ---------------

OS: Windows 10.0 , 64 bit Build 10240 (10.0.10240.16384)

CPU:total 8 (8 cores per cpu, 1 threads per core) family 21 model 2 stepping 0, cmov, cx8, fxsr, mmx, sse, sse2, sse3, ssse3, sse4.1, sse4.2, popcnt, avx, aes, clmul, mmxext, 3dnowpref, lzcnt, sse4a, tsc, tscinvbit, tscinv, bmi1

Memory: 4k page, physical 8354460k(2286400k free), swap 10140592k(2264k free)

vm_info: Java HotSpot(TM) 64-Bit Server VM (25.51-b03) for windows-amd64 JRE (1.8.0_51-b16), built on Jun  8 2015 18:03:07 by "java_re" with MS VC++ 10.0 (VS2010)

time: Wed Nov 25 18:11:10 2015
elapsed time: 1 seconds (0d 0h 0m 1s)

