#
# There is insufficient memory for the Java Runtime Environment to continue.
# Native memory allocation (malloc) failed to allocate 411024 bytes for Chunk::new
# Possible reasons:
#   The system is out of physical RAM or swap space
#   In 32 bit mode, the process size limit was hit
# Possible solutions:
#   Reduce memory load on the system
#   Increase physical memory or swap space
#   Check if swap backing store is full
#   Use 64 bit Java on a 64 bit OS
#   Decrease Java heap size (-Xmx/-Xms)
#   Decrease number of Java threads
#   Decrease Java thread stack sizes (-Xss)
#   Set larger code cache with -XX:ReservedCodeCacheSize=
# This output file may be truncated or incomplete.
#
#  Out of Memory Error (allocation.cpp:390), pid=1768, tid=8028
#
# JRE version: Java(TM) SE Runtime Environment (8.0_51-b16) (build 1.8.0_51-b16)
# Java VM: Java HotSpot(TM) 64-Bit Server VM (25.51-b03 mixed mode windows-amd64 compressed oops)
# Failed to write core dump. Minidumps are not enabled by default on client versions of Windows
#

---------------  T H R E A D  ---------------

Current thread (0x0000000017866800):  JavaThread "C2 CompilerThread0" daemon [_thread_in_native, id=8028, stack(0x0000000017e40000,0x0000000017f40000)]

Stack: [0x0000000017e40000,0x0000000017f40000]
[error occurred during error reporting (printing stack bounds), id 0xc0000005]

Native frames: (J=compiled Java code, j=interpreted, Vv=VM code, C=native code)
V  [jvm.dll+0x32b4ca]


Current CompileTask:
C2:    906  726   !   4       com.android.dx.cf.cst.ConstantPoolParser::parse0 (731 bytes)


---------------  P R O C E S S  ---------------

Java Threads: ( => current thread )
  0x0000000017b02800 JavaThread "pool-1-thread-4" [_thread_blocked, id=7708, stack(0x0000000018840000,0x0000000018940000)]
  0x0000000017ada800 JavaThread "pool-1-thread-3" [_thread_in_Java, id=5580, stack(0x0000000018740000,0x0000000018840000)]
  0x0000000017a27800 JavaThread "pool-1-thread-2" [_thread_blocked, id=4428, stack(0x0000000018640000,0x0000000018740000)]
  0x0000000017a25000 JavaThread "pool-2-thread-1" [_thread_blocked, id=5612, stack(0x0000000018540000,0x0000000018640000)]
  0x0000000017a22800 JavaThread "pool-1-thread-1" [_thread_blocked, id=1580, stack(0x0000000018440000,0x0000000018540000)]
  0x0000000017891000 JavaThread "Service Thread" daemon [_thread_blocked, id=6212, stack(0x0000000018240000,0x0000000018340000)]
  0x0000000017875800 JavaThread "C1 CompilerThread3" daemon [_thread_blocked, id=3156, stack(0x0000000018140000,0x0000000018240000)]
  0x000000001786f000 JavaThread "C2 CompilerThread2" daemon [_thread_blocked, id=7004, stack(0x0000000018040000,0x0000000018140000)]
  0x000000001786c000 JavaThread "C2 CompilerThread1" daemon [_thread_in_native, id=1364, stack(0x0000000017f40000,0x0000000018040000)]
=>0x0000000017866800 JavaThread "C2 CompilerThread0" daemon [_thread_in_native, id=8028, stack(0x0000000017e40000,0x0000000017f40000)]
  0x0000000017865000 JavaThread "Attach Listener" daemon [_thread_blocked, id=2512, stack(0x0000000017d40000,0x0000000017e40000)]
  0x0000000017864800 JavaThread "Signal Dispatcher" daemon [_thread_blocked, id=612, stack(0x0000000017c40000,0x0000000017d40000)]
  0x0000000002d33000 JavaThread "Finalizer" daemon [_thread_blocked, id=8256, stack(0x0000000017740000,0x0000000017840000)]
  0x0000000002d32000 JavaThread "Reference Handler" daemon [_thread_blocked, id=464, stack(0x0000000017640000,0x0000000017740000)]
  0x0000000002c3d800 JavaThread "main" [_thread_blocked, id=6800, stack(0x0000000002ab0000,0x0000000002bb0000)]

Other Threads:
  0x0000000015859000 VMThread [stack: 0x0000000017540000,0x0000000017640000] [id=5140]
  0x0000000017892000 WatcherThread [stack: 0x0000000018340000,0x0000000018440000] [id=9784]

VM state:not at safepoint (normal execution)

VM Mutex/Monitor currently owned by a thread: None

Heap:
 PSYoungGen      total 38400K, used 14965K [0x00000000eab00000, 0x00000000ed580000, 0x0000000100000000)
  eden space 33280K, 44% used [0x00000000eab00000,0x00000000eb99d400,0x00000000ecb80000)
  from space 5120K, 0% used [0x00000000ed080000,0x00000000ed080000,0x00000000ed580000)
  to   space 5120K, 0% used [0x00000000ecb80000,0x00000000ecb80000,0x00000000ed080000)
 ParOldGen       total 87552K, used 0K [0x00000000c0000000, 0x00000000c5580000, 0x00000000eab00000)
  object space 87552K, 0% used [0x00000000c0000000,0x00000000c0000000,0x00000000c5580000)
 Metaspace       used 5469K, capacity 6576K, committed 6784K, reserved 1056768K
  class space    used 576K, capacity 616K, committed 640K, reserved 1048576K

Card table byte_map: [0x0000000012100000,0x0000000012310000] byte_map_base: 0x0000000011b00000

Marking Bits: (ParMarkBitMap*) 0x000000006f634040
 Begin Bits: [0x0000000012c70000, 0x0000000013c70000)
 End Bits:   [0x0000000013c70000, 0x0000000014c70000)

Polling page: 0x0000000002bb0000

CodeCache: size=245760Kb used=2870Kb max_used=2871Kb free=242889Kb
 bounds [0x0000000002d40000, 0x0000000003010000, 0x0000000011d40000]
 total_blobs=1011 nmethods=744 adapters=181
 compilation: enabled

Compilation events (10 events):
Event: 0.902 Thread 0x0000000017875800 nmethod 743 0x000000000300b890 code [0x000000000300baa0, 0x000000000300c6b8]
Event: 0.902 Thread 0x0000000017875800  744       3       com.android.dx.ssa.SsaMethod::forEachInsn (36 bytes)
Event: 0.903 Thread 0x000000001786f000 nmethod 741 0x0000000003006990 code [0x0000000003006ae0, 0x0000000003006bf8]
Event: 0.903 Thread 0x0000000017875800 nmethod 744 0x000000000300ee90 code [0x000000000300f060, 0x000000000300f718]
Event: 0.903 Thread 0x0000000017875800  742       3       com.android.dx.rop.code.LocalItem::hashCode (41 bytes)
Event: 0.903 Thread 0x0000000017875800 nmethod 742 0x000000000300e5d0 code [0x000000000300e760, 0x000000000300ecb8]
Event: 0.903 Thread 0x0000000017875800  745   !   3       java.util.BitSet::clone (49 bytes)
Event: 0.904 Thread 0x0000000017875800 nmethod 745 0x000000000300d710 code [0x000000000300d900, 0x000000000300e1d8]
Event: 0.904 Thread 0x0000000017875800  746       3       com.android.dx.rop.code.PlainInsn::withNewRegisters (18 bytes)
Event: 0.904 Thread 0x0000000017875800 nmethod 746 0x0000000003008510 code [0x0000000003008680, 0x00000000030089a8]

GC Heap History (0 events):
No events

Deoptimization events (10 events):
Event: 0.425 Thread 0x0000000017b02800 Uncommon trap: reason=speculate_class_check action=maybe_recompile pc=0x0000000002f0a4cc method=com.android.dx.rop.cst.Constant.compareTo(Lcom/android/dx/rop/cst/Constant;)I @ 29
Event: 0.425 Thread 0x0000000017b02800 Uncommon trap: reason=speculate_class_check action=maybe_recompile pc=0x0000000002f0a4cc method=com.android.dx.rop.cst.Constant.compareTo(Lcom/android/dx/rop/cst/Constant;)I @ 29
Event: 0.425 Thread 0x0000000017b02800 Uncommon trap: reason=speculate_class_check action=maybe_recompile pc=0x0000000002f0a4cc method=com.android.dx.rop.cst.Constant.compareTo(Lcom/android/dx/rop/cst/Constant;)I @ 29
Event: 0.596 Thread 0x0000000002c3d800 Uncommon trap: reason=class_check action=maybe_recompile pc=0x0000000002f13fd0 method=com.android.dx.rop.cst.CstMemberRef.compareTo0(Lcom/android/dx/rop/cst/Constant;)I @ 1
Event: 0.596 Thread 0x0000000017ada800 Uncommon trap: reason=class_check action=maybe_recompile pc=0x0000000002f13fd0 method=com.android.dx.rop.cst.CstMemberRef.compareTo0(Lcom/android/dx/rop/cst/Constant;)I @ 1
Event: 0.596 Thread 0x0000000017ada800 Uncommon trap: reason=class_check action=maybe_recompile pc=0x0000000002f13fd0 method=com.android.dx.rop.cst.CstMemberRef.compareTo0(Lcom/android/dx/rop/cst/Constant;)I @ 1
Event: 0.596 Thread 0x0000000017ada800 Uncommon trap: reason=class_check action=maybe_recompile pc=0x0000000002f13fd0 method=com.android.dx.rop.cst.CstMemberRef.compareTo0(Lcom/android/dx/rop/cst/Constant;)I @ 1
Event: 0.688 Thread 0x0000000002c3d800 Uncommon trap: reason=unstable_if action=reinterpret pc=0x0000000002f73a60 method=com.android.dx.rop.cst.CstFieldRef.compareTo0(Lcom/android/dx/rop/cst/Constant;)I @ 7
Event: 0.689 Thread 0x0000000002c3d800 Uncommon trap: reason=unstable_if action=reinterpret pc=0x0000000002f1340c method=com.android.dx.rop.cst.CstFieldRef.compareTo0(Lcom/android/dx/rop/cst/Constant;)I @ 7
Event: 0.689 Thread 0x0000000002c3d800 Uncommon trap: reason=unstable_if action=reinterpret pc=0x0000000002f14814 method=com.android.dx.rop.cst.CstFieldRef.compareTo0(Lcom/android/dx/rop/cst/Constant;)I @ 7

Internal exceptions (2 events):
Event: 0.052 Thread 0x0000000002c3d800 Exception <a 'java/lang/NoSuchMethodError': Method sun.misc.Unsafe.defineClass(Ljava/lang/String;[BII)Ljava/lang/Class; name or signature does not match> (0x00000000eab0d180) thrown at [C:\re\workspace\8-2-build-windows-amd64-cygwin\jdk8u51\3951\hotspot\srÃQÉÙçÑ™?
Event: 0.052 Thread 0x0000000002c3d800 Exception <a 'java/lang/NoSuchMethodError': Method sun.misc.Unsafe.prefetchRead(Ljava/lang/Object;J)V name or signature does not match> (0x00000000eab0d410) thrown at [C:\re\workspace\8-2-build-windows-amd64-cygwin\jdk8u51\3951\hotspot\src\share\vm\prims\j

Events (10 events):
Event: 0.596 Thread 0x0000000017ada800 DEOPT UNPACKING pc=0x0000000002d8582a sp=0x000000001883e8e8 mode 2
Event: 0.688 Thread 0x0000000002c3d800 Uncommon trap: trap_request=0xffffff65 fr.pc=0x0000000002f73a60
Event: 0.688 Thread 0x0000000002c3d800 DEOPT PACKING pc=0x0000000002f73a60 sp=0x0000000002bae130
Event: 0.688 Thread 0x0000000002c3d800 DEOPT UNPACKING pc=0x0000000002d8582a sp=0x0000000002badf80 mode 2
Event: 0.689 Thread 0x0000000002c3d800 Uncommon trap: trap_request=0xffffff65 fr.pc=0x0000000002f1340c
Event: 0.689 Thread 0x0000000002c3d800 DEOPT PACKING pc=0x0000000002f1340c sp=0x0000000002bae0a0
Event: 0.689 Thread 0x0000000002c3d800 DEOPT UNPACKING pc=0x0000000002d8582a sp=0x0000000002badf68 mode 2
Event: 0.689 Thread 0x0000000002c3d800 Uncommon trap: trap_request=0xffffff65 fr.pc=0x0000000002f14814
Event: 0.689 Thread 0x0000000002c3d800 DEOPT PACKING pc=0x0000000002f14814 sp=0x0000000002bae000
Event: 0.689 Thread 0x0000000002c3d800 DEOPT UNPACKING pc=0x0000000002d8582a sp=0x0000000002badf88 mode 2


Dynamic libraries:
0x00007ff6cbf80000 - 0x00007ff6cbfb7000 	C:\Program Files\Java\jdk1.8.0_51\bin\java.exe
0x00007ffe36380000 - 0x00007ffe36541000 	C:\WINDOWS\SYSTEM32\ntdll.dll
0x00007ffe36270000 - 0x00007ffe3631d000 	C:\WINDOWS\system32\KERNEL32.DLL
0x00007ffe33020000 - 0x00007ffe331fd000 	C:\WINDOWS\system32\KERNELBASE.dll
0x00007ffe33c00000 - 0x00007ffe33ca6000 	C:\WINDOWS\system32\ADVAPI32.dll
0x00007ffe360f0000 - 0x00007ffe3618d000 	C:\WINDOWS\system32\msvcrt.dll
0x00007ffe34880000 - 0x00007ffe348db000 	C:\WINDOWS\system32\sechost.dll
0x00007ffe33ad0000 - 0x00007ffe33bf6000 	C:\WINDOWS\system32\RPCRT4.dll
0x00007ffe33ec0000 - 0x00007ffe3400e000 	C:\WINDOWS\system32\USER32.dll
0x00007ffe343f0000 - 0x00007ffe34576000 	C:\WINDOWS\system32\GDI32.dll
0x00007ffe2e0a0000 - 0x00007ffe2e314000 	C:\WINDOWS\WinSxS\amd64_microsoft.windows.common-controls_6595b64144ccf1df_6.0.10240.16384_none_f41f7b285750ef43\COMCTL32.dll
0x00007ffe35ee0000 - 0x00007ffe35f16000 	C:\WINDOWS\system32\IMM32.DLL
0x00007ffe33cb0000 - 0x00007ffe33e0c000 	C:\WINDOWS\system32\MSCTF.dll
0x000000006f6c0000 - 0x000000006f792000 	C:\Program Files\Java\jdk1.8.0_51\jre\bin\msvcr100.dll
0x000000006ee30000 - 0x000000006f6b3000 	C:\Program Files\Java\jdk1.8.0_51\jre\bin\server\jvm.dll
0x00007ffe35ed0000 - 0x00007ffe35ed8000 	C:\WINDOWS\system32\PSAPI.DLL
0x00007ffe305a0000 - 0x00007ffe305a9000 	C:\WINDOWS\SYSTEM32\WSOCK32.dll
0x00007ffe2f540000 - 0x00007ffe2f54a000 	C:\WINDOWS\SYSTEM32\VERSION.dll
0x00007ffe31400000 - 0x00007ffe31423000 	C:\WINDOWS\SYSTEM32\WINMM.dll
0x00007ffe33a50000 - 0x00007ffe33ab9000 	C:\WINDOWS\system32\WS2_32.dll
0x00007ffe33ac0000 - 0x00007ffe33ac8000 	C:\WINDOWS\system32\NSI.dll
0x0000000002a40000 - 0x0000000002a6c000 	C:\WINDOWS\SYSTEM32\WINMMBASE.dll
0x00007ffe33a00000 - 0x00007ffe33a44000 	C:\WINDOWS\system32\cfgmgr32.dll
0x00007ffe31720000 - 0x00007ffe31747000 	C:\WINDOWS\SYSTEM32\DEVOBJ.dll
0x000000006ee20000 - 0x000000006ee2f000 	C:\Program Files\Java\jdk1.8.0_51\jre\bin\verify.dll
0x000000006edf0000 - 0x000000006ee19000 	C:\Program Files\Java\jdk1.8.0_51\jre\bin\java.dll
0x000000006edd0000 - 0x000000006ede6000 	C:\Program Files\Java\jdk1.8.0_51\jre\bin\zip.dll
0x00007ffe349a0000 - 0x00007ffe35ec2000 	C:\WINDOWS\system32\SHELL32.dll
0x00007ffe333d0000 - 0x00007ffe339f8000 	C:\WINDOWS\system32\windows.storage.dll
0x00007ffe34010000 - 0x00007ffe3428c000 	C:\WINDOWS\system32\combase.dll
0x00007ffe348e0000 - 0x00007ffe34931000 	C:\WINDOWS\system32\shlwapi.dll
0x00007ffe32dd0000 - 0x00007ffe32ddf000 	C:\WINDOWS\system32\kernel.appcore.dll
0x00007ffe33310000 - 0x00007ffe333c3000 	C:\WINDOWS\system32\shcore.dll
0x00007ffe32e00000 - 0x00007ffe32e4a000 	C:\WINDOWS\system32\powrprof.dll
0x00007ffe32db0000 - 0x00007ffe32dc3000 	C:\WINDOWS\system32\profapi.dll

VM Arguments:
jvm_args: -Djava.awt.headless=true -Xmx1024M -Dfile.encoding=windows-1252 -Duser.country=ES -Duser.language=es -Duser.variant 
java_command: com.android.dx.command.Main --dex --num-threads=4 --output E:\Programas\proyectos android\moneyManagerV4\app\build\intermediates\pre-dexed\debug\debug_c47d69315e6cbb75e978f459bd6dfcbd48f681e0.jar E:\Programas\proyectos android\moneyManagerV4\app\build\intermediates\classes\debug
java_class_path (initial): C:\Android\sdk\build-tools\23.0.2\lib\dx.jar
Launcher Type: SUN_STANDARD

Environment Variables:
JAVA_HOME=C:\Program Files\Java\jdk1.8.0_60
PATH=C:\ProgramData\Oracle\Java\javapath;C:\Windows\system32;C:\Windows;C:\Windows\System32\Wbem;C:\Windows\System32\WindowsPowerShell\v1.0\;C:\Program Files (x86)\NVIDIA Corporation\PhysX\Common;C:\WINDOWS\system32;C:\WINDOWS;C:\WINDOWS\System32\Wbem;C:\WINDOWS\System32\WindowsPowerShell\v1.0\;C:\Program Files (x86)\GtkSharp\2.12\bin
USERNAME=Rene AMG
OS=Windows_NT
PROCESSOR_IDENTIFIER=AMD64 Family 21 Model 2 Stepping 0, AuthenticAMD



---------------  S Y S T E M  ---------------

OS: Windows 10.0 , 64 bit Build 10240 (10.0.10240.16384)

CPU:total 8 (8 cores per cpu, 1 threads per core) family 21 model 2 stepping 0, cmov, cx8, fxsr, mmx, sse, sse2, sse3, ssse3, sse4.1, sse4.2, popcnt, avx, aes, clmul, mmxext, 3dnowpref, lzcnt, sse4a, tsc, tscinvbit, tscinv, bmi1

Memory: 4k page, physical 8354460k(2680624k free), swap 10033116k(2080k free)

vm_info: Java HotSpot(TM) 64-Bit Server VM (25.51-b03) for windows-amd64 JRE (1.8.0_51-b16), built on Jun  8 2015 18:03:07 by "java_re" with MS VC++ 10.0 (VS2010)

time: Wed Nov 25 18:09:22 2015
elapsed time: 0 seconds (0d 0h 0m 0s)

