#
# There is insufficient memory for the Java Runtime Environment to continue.
# Native memory allocation (malloc) failed to allocate 415936 bytes for Chunk::new
# Possible reasons:
#   The system is out of physical RAM or swap space
#   In 32 bit mode, the process size limit was hit
# Possible solutions:
#   Reduce memory load on the system
#   Increase physical memory or swap space
#   Check if swap backing store is full
#   Use 64 bit Java on a 64 bit OS
#   Decrease Java heap size (-Xmx/-Xms)
#   Decrease number of Java threads
#   Decrease Java thread stack sizes (-Xss)
#   Set larger code cache with -XX:ReservedCodeCacheSize=
# This output file may be truncated or incomplete.
#
#  Out of Memory Error (allocation.cpp:390), pid=8120, tid=3168
#
# JRE version: Java(TM) SE Runtime Environment (8.0_51-b16) (build 1.8.0_51-b16)
# Java VM: Java HotSpot(TM) 64-Bit Server VM (25.51-b03 mixed mode windows-amd64 compressed oops)
# Failed to write core dump. Minidumps are not enabled by default on client versions of Windows
#

---------------  T H R E A D  ---------------

Current thread (0x0000000017cc7000):  JavaThread "C2 CompilerThread2" daemon [_thread_in_native, id=3168, stack(0x0000000018490000,0x0000000018590000)]

Stack: [0x0000000018490000,0x0000000018590000]
[error occurred during error reporting (printing stack bounds), id 0xc0000005]

Native frames: (J=compiled Java code, j=interpreted, Vv=VM code, C=native code)
V  [jvm.dll+0x32b4ca]
V  [jvm.dll+0x2797e3]
V  [jvm.dll+0x27a479]
V  [jvm.dll+0x293446]
V  [jvm.dll+0x297d3c]
V  [jvm.dll+0x5ca9cf]
C  [msvcr100.dll+0x712e3]
V  [jvm.dll+0x5ca0cd]
C  [ntdll.dll+0x9633d]
C  [ntdll.dll+0x13c00]
C  [ntdll.dll+0x9544a]
V  [jvm.dll+0x21bbc1]


Current CompileTask:
C2:   3464 1610       4       com.android.dx.ssa.SsaBasicBlock::forEachInsn (37 bytes)


---------------  P R O C E S S  ---------------

Java Threads: ( => current thread )
  0x000000001802c800 JavaThread "pool-1-thread-4" [_thread_blocked, id=4988, stack(0x0000000019490000,0x0000000019590000)]
  0x000000001802b800 JavaThread "pool-1-thread-3" [_thread_blocked, id=8892, stack(0x0000000019390000,0x0000000019490000)]
  0x0000000018029000 JavaThread "pool-1-thread-2" [_thread_in_Java, id=9124, stack(0x0000000019290000,0x0000000019390000)]
  0x0000000017fa4000 JavaThread "pool-2-thread-1" [_thread_blocked, id=252, stack(0x0000000019190000,0x0000000019290000)]
  0x0000000017fa3000 JavaThread "pool-1-thread-1" [_thread_blocked, id=8564, stack(0x0000000019090000,0x0000000019190000)]
  0x0000000017d39800 JavaThread "Service Thread" daemon [_thread_blocked, id=6344, stack(0x0000000018690000,0x0000000018790000)]
  0x0000000017d17800 JavaThread "C1 CompilerThread3" daemon [_thread_blocked, id=2968, stack(0x0000000018590000,0x0000000018690000)]
=>0x0000000017cc7000 JavaThread "C2 CompilerThread2" daemon [_thread_in_native, id=3168, stack(0x0000000018490000,0x0000000018590000)]
  0x0000000017cb9800 JavaThread "C2 CompilerThread1" daemon [_thread_in_native, id=8340, stack(0x0000000018390000,0x0000000018490000)]
  0x0000000017cb5000 JavaThread "C2 CompilerThread0" daemon [_thread_in_native, id=6084, stack(0x0000000018290000,0x0000000018390000)]
  0x0000000017cb4000 JavaThread "Attach Listener" daemon [_thread_blocked, id=9768, stack(0x0000000018190000,0x0000000018290000)]
  0x0000000015cce800 JavaThread "Signal Dispatcher" daemon [_thread_blocked, id=3184, stack(0x0000000018090000,0x0000000018190000)]
  0x0000000003199800 JavaThread "Finalizer" daemon [_thread_blocked, id=9600, stack(0x0000000017b90000,0x0000000017c90000)]
  0x0000000003193000 JavaThread "Reference Handler" daemon [_thread_blocked, id=5428, stack(0x0000000017a90000,0x0000000017b90000)]
  0x0000000002efd800 JavaThread "main" [_thread_blocked, id=6552, stack(0x0000000002fa0000,0x00000000030a0000)]

Other Threads:
  0x0000000015cb9800 VMThread [stack: 0x0000000017990000,0x0000000017a90000] [id=8888]
  0x0000000017d3a800 WatcherThread [stack: 0x0000000018790000,0x0000000018890000] [id=8156]

VM state:not at safepoint (normal execution)

VM Mutex/Monitor currently owned by a thread: None

Heap:
 PSYoungGen      total 71680K, used 10250K [0x00000000eab00000, 0x00000000ef600000, 0x0000000100000000)
  eden space 66560K, 7% used [0x00000000eab00000,0x00000000eb00a638,0x00000000eec00000)
  from space 5120K, 99% used [0x00000000ef100000,0x00000000ef5f84c0,0x00000000ef600000)
  to   space 5120K, 0% used [0x00000000eec00000,0x00000000eec00000,0x00000000ef100000)
 ParOldGen       total 87552K, used 5935K [0x00000000c0000000, 0x00000000c5580000, 0x00000000eab00000)
  object space 87552K, 6% used [0x00000000c0000000,0x00000000c05cbcf8,0x00000000c5580000)
 Metaspace       used 6153K, capacity 7088K, committed 7296K, reserved 1056768K
  class space    used 593K, capacity 616K, committed 640K, reserved 1048576K

Card table byte_map: [0x0000000012560000,0x0000000012770000] byte_map_base: 0x0000000011f60000

Marking Bits: (ParMarkBitMap*) 0x000000006f634040
 Begin Bits: [0x00000000130d0000, 0x00000000140d0000)
 End Bits:   [0x00000000140d0000, 0x00000000150d0000)

Polling page: 0x0000000001700000

CodeCache: size=245760Kb used=6929Kb max_used=6929Kb free=238830Kb
 bounds [0x00000000031a0000, 0x0000000003870000, 0x00000000121a0000]
 total_blobs=1878 nmethods=1610 adapters=182
 compilation: enabled

Compilation events (10 events):
Event: 3.163 Thread 0x0000000017cc7000 nmethod 1586 0x0000000003835d90 code [0x0000000003835ee0, 0x0000000003836018]
Event: 3.163 Thread 0x0000000017cc7000 1608       4       com.android.dx.util.LabeledList::set (45 bytes)
Event: 3.166 Thread 0x0000000017d17800 1609       3       com.android.dx.rop.code.Rops::opPutField (97 bytes)
Event: 3.167 Thread 0x0000000017d17800 nmethod 1609 0x0000000003838d50 code [0x0000000003838f80, 0x0000000003839bf8]
Event: 3.168 Thread 0x0000000017d17800 1611       3       com.android.dx.rop.cst.CstString::<init> (42 bytes)
Event: 3.168 Thread 0x0000000017d17800 nmethod 1611 0x00000000038376d0 code [0x00000000038378a0, 0x0000000003837e38]
Event: 3.168 Thread 0x0000000017d17800 1612       3       com.android.dx.dex.file.ValueEncoder::addContents (75 bytes)
Event: 3.169 Thread 0x0000000017d17800 nmethod 1612 0x0000000003848c10 code [0x0000000003848e00, 0x0000000003849a28]
Event: 3.437 Thread 0x0000000017cc7000 nmethod 1608 0x000000000384d090 code [0x000000000384d220, 0x000000000384d8e8]
Event: 3.437 Thread 0x0000000017cc7000 1610       4       com.android.dx.ssa.SsaBasicBlock::forEachInsn (37 bytes)

GC Heap History (4 events):
Event: 2.029 GC heap before
{Heap before GC invocations=1 (full 0):
 PSYoungGen      total 38400K, used 33280K [0x00000000eab00000, 0x00000000ed580000, 0x0000000100000000)
  eden space 33280K, 100% used [0x00000000eab00000,0x00000000ecb80000,0x00000000ecb80000)
  from space 5120K, 0% used [0x00000000ed080000,0x00000000ed080000,0x00000000ed580000)
  to   space 5120K, 0% used [0x00000000ecb80000,0x00000000ecb80000,0x00000000ed080000)
 ParOldGen       total 87552K, used 0K [0x00000000c0000000, 0x00000000c5580000, 0x00000000eab00000)
  object space 87552K, 0% used [0x00000000c0000000,0x00000000c0000000,0x00000000c5580000)
 Metaspace       used 5951K, capacity 6896K, committed 7040K, reserved 1056768K
  class space    used 591K, capacity 616K, committed 640K, reserved 1048576K
Event: 2.222 GC heap after
Heap after GC invocations=1 (full 0):
 PSYoungGen      total 38400K, used 5095K [0x00000000eab00000, 0x00000000ef600000, 0x0000000100000000)
  eden space 33280K, 0% used [0x00000000eab00000,0x00000000eab00000,0x00000000ecb80000)
  from space 5120K, 99% used [0x00000000ecb80000,0x00000000ed079cd8,0x00000000ed080000)
  to   space 5120K, 0% used [0x00000000ef100000,0x00000000ef100000,0x00000000ef600000)
 ParOldGen       total 87552K, used 1413K [0x00000000c0000000, 0x00000000c5580000, 0x00000000eab00000)
  object space 87552K, 1% used [0x00000000c0000000,0x00000000c0161608,0x00000000c5580000)
 Metaspace       used 5951K, capacity 6896K, committed 7040K, reserved 1056768K
  class space    used 591K, capacity 616K, committed 640K, reserved 1048576K
}
Event: 3.198 GC heap before
{Heap before GC invocations=2 (full 0):
 PSYoungGen      total 38400K, used 38375K [0x00000000eab00000, 0x00000000ef600000, 0x0000000100000000)
  eden space 33280K, 100% used [0x00000000eab00000,0x00000000ecb80000,0x00000000ecb80000)
  from space 5120K, 99% used [0x00000000ecb80000,0x00000000ed079cd8,0x00000000ed080000)
  to   space 5120K, 0% used [0x00000000ef100000,0x00000000ef100000,0x00000000ef600000)
 ParOldGen       total 87552K, used 1413K [0x00000000c0000000, 0x00000000c5580000, 0x00000000eab00000)
  object space 87552K, 1% used [0x00000000c0000000,0x00000000c0161608,0x00000000c5580000)
 Metaspace       used 6146K, capacity 7088K, committed 7296K, reserved 1056768K
  class space    used 593K, capacity 616K, committed 640K, reserved 1048576K
Event: 3.428 GC heap after
Heap after GC invocations=2 (full 0):
 PSYoungGen      total 71680K, used 5089K [0x00000000eab00000, 0x00000000ef600000, 0x0000000100000000)
  eden space 66560K, 0% used [0x00000000eab00000,0x00000000eab00000,0x00000000eec00000)
  from space 5120K, 99% used [0x00000000ef100000,0x00000000ef5f84c0,0x00000000ef600000)
  to   space 5120K, 0% used [0x00000000eec00000,0x00000000eec00000,0x00000000ef100000)
 ParOldGen       total 87552K, used 5935K [0x00000000c0000000, 0x00000000c5580000, 0x00000000eab00000)
  object space 87552K, 6% used [0x00000000c0000000,0x00000000c05cbcf8,0x00000000c5580000)
 Metaspace       used 6146K, capacity 7088K, committed 7296K, reserved 1056768K
  class space    used 593K, capacity 616K, committed 640K, reserved 1048576K
}

Deoptimization events (10 events):
Event: 2.676 Thread 0x0000000002efd800 Uncommon trap: reason=class_check action=maybe_recompile pc=0x0000000003644854 method=java.util.HashMap.putVal(ILjava/lang/Object;Ljava/lang/Object;ZZ)Ljava/lang/Object; @ 203
Event: 2.682 Thread 0x0000000017fa3000 Uncommon trap: reason=class_check action=maybe_recompile pc=0x0000000003644854 method=java.util.HashMap.putVal(ILjava/lang/Object;Ljava/lang/Object;ZZ)Ljava/lang/Object; @ 203
Event: 2.712 Thread 0x0000000002efd800 Uncommon trap: reason=unloaded action=reinterpret pc=0x0000000003699c44 method=com.android.dx.cf.cst.ConstantPoolParser.parse0(ILjava/util/BitSet;)Lcom/android/dx/rop/cst/Constant; @ 198
Event: 2.722 Thread 0x0000000002efd800 Uncommon trap: reason=bimorphic action=maybe_recompile pc=0x00000000037572ac method=com.android.dx.cf.code.BytecodeArray.parseInstruction(ILcom/android/dx/cf/code/BytecodeArray$Visitor;)I @ 955
Event: 2.722 Thread 0x0000000002efd800 Uncommon trap: reason=bimorphic action=maybe_recompile pc=0x00000000037572ac method=com.android.dx.cf.code.BytecodeArray.parseInstruction(ILcom/android/dx/cf/code/BytecodeArray$Visitor;)I @ 955
Event: 2.725 Thread 0x0000000018029000 Uncommon trap: reason=bimorphic action=maybe_recompile pc=0x0000000003757570 method=com.android.dx.cf.code.BytecodeArray.parseInstruction(ILcom/android/dx/cf/code/BytecodeArray$Visitor;)I @ 1130
Event: 2.766 Thread 0x0000000018029000 Uncommon trap: reason=bimorphic action=maybe_recompile pc=0x0000000003757570 method=com.android.dx.cf.code.BytecodeArray.parseInstruction(ILcom/android/dx/cf/code/BytecodeArray$Visitor;)I @ 1130
Event: 2.775 Thread 0x0000000018029000 Uncommon trap: reason=unstable_if action=reinterpret pc=0x00000000036f471c method=com.android.dx.rop.code.RegisterSpec.equals(ILcom/android/dx/rop/type/TypeBearer;Lcom/android/dx/rop/code/LocalItem;)Z @ 42
Event: 3.030 Thread 0x000000001802c800 Uncommon trap: reason=unstable_if action=reinterpret pc=0x00000000036fdebc method=com.android.dx.ssa.LiteralOpUpgrader$1.visitNonMoveInsn(Lcom/android/dx/ssa/NormalSsaInsn;)V @ 176
Event: 3.166 Thread 0x000000001802c800 Uncommon trap: reason=null_check action=make_not_entrant pc=0x00000000035ff808 method=com.android.dx.ssa.SsaRenamer.getLocalForNewReg(I)Lcom/android/dx/rop/code/LocalItem; @ 19

Internal exceptions (4 events):
Event: 0.049 Thread 0x0000000002efd800 Exception <a 'java/lang/NoSuchMethodError': Method sun.misc.Unsafe.defineClass(Ljava/lang/String;[BII)Ljava/lang/Class; name or signature does not match> (0x00000000eab0d220) thrown at [C:\re\workspace\8-2-build-windows-amd64-cygwin\jdk8u51\3951\hotspot\sråçxÏ³:©?
Event: 0.049 Thread 0x0000000002efd800 Exception <a 'java/lang/NoSuchMethodError': Method sun.misc.Unsafe.prefetchRead(Ljava/lang/Object;J)V name or signature does not match> (0x00000000eab0d4b0) thrown at [C:\re\workspace\8-2-build-windows-amd64-cygwin\jdk8u51\3951\hotspot\src\share\vm\prims\jÚJqN·þ?
Event: 1.920 Thread 0x000000001802c800 Implicit null exception at 0x00000000035e06e2 to 0x00000000035e07d2
Event: 3.166 Thread 0x000000001802c800 Implicit null exception at 0x00000000035fe406 to 0x00000000035ff7ed

Events (10 events):
Event: 2.775 Thread 0x0000000018029000 DEOPT PACKING pc=0x00000000036f471c sp=0x000000001938e730
Event: 2.775 Thread 0x0000000018029000 DEOPT UNPACKING pc=0x00000000031e582a sp=0x000000001938e6b8 mode 2
Event: 3.030 Thread 0x000000001802c800 Uncommon trap: trap_request=0xffffff65 fr.pc=0x00000000036fdebc
Event: 3.031 Thread 0x000000001802c800 DEOPT PACKING pc=0x00000000036fdebc sp=0x000000001958e620
Event: 3.031 Thread 0x000000001802c800 DEOPT UNPACKING pc=0x00000000031e582a sp=0x000000001958e600 mode 2
Event: 3.166 Thread 0x000000001802c800 Uncommon trap: trap_request=0xfffffff4 fr.pc=0x00000000035ff808
Event: 3.166 Thread 0x000000001802c800 DEOPT PACKING pc=0x00000000035ff808 sp=0x000000001958e540
Event: 3.166 Thread 0x000000001802c800 DEOPT UNPACKING pc=0x00000000031e582a sp=0x000000001958e348 mode 2
Event: 3.174 Executing VM operation: ParallelGCFailedAllocation
Event: 3.428 Executing VM operation: ParallelGCFailedAllocation done


Dynamic libraries:
0x00007ff6cbf80000 - 0x00007ff6cbfb7000 	C:\Program Files\Java\jdk1.8.0_51\bin\java.exe
0x00007ffe36380000 - 0x00007ffe36541000 	C:\WINDOWS\SYSTEM32\ntdll.dll
0x00007ffe36270000 - 0x00007ffe3631d000 	C:\WINDOWS\system32\KERNEL32.DLL
0x00007ffe33020000 - 0x00007ffe331fd000 	C:\WINDOWS\system32\KERNELBASE.dll
0x00007ffe33c00000 - 0x00007ffe33ca6000 	C:\WINDOWS\system32\ADVAPI32.dll
0x00007ffe360f0000 - 0x00007ffe3618d000 	C:\WINDOWS\system32\msvcrt.dll
0x00007ffe34880000 - 0x00007ffe348db000 	C:\WINDOWS\system32\sechost.dll
0x00007ffe33ad0000 - 0x00007ffe33bf6000 	C:\WINDOWS\system32\RPCRT4.dll
0x00007ffe33ec0000 - 0x00007ffe3400e000 	C:\WINDOWS\system32\USER32.dll
0x00007ffe343f0000 - 0x00007ffe34576000 	C:\WINDOWS\system32\GDI32.dll
0x00007ffe2e0a0000 - 0x00007ffe2e314000 	C:\WINDOWS\WinSxS\amd64_microsoft.windows.common-controls_6595b64144ccf1df_6.0.10240.16384_none_f41f7b285750ef43\COMCTL32.dll
0x00007ffe35ee0000 - 0x00007ffe35f16000 	C:\WINDOWS\system32\IMM32.DLL
0x00007ffe33cb0000 - 0x00007ffe33e0c000 	C:\WINDOWS\system32\MSCTF.dll
0x000000006f6c0000 - 0x000000006f792000 	C:\Program Files\Java\jdk1.8.0_51\jre\bin\msvcr100.dll
0x000000006ee30000 - 0x000000006f6b3000 	C:\Program Files\Java\jdk1.8.0_51\jre\bin\server\jvm.dll
0x00007ffe35ed0000 - 0x00007ffe35ed8000 	C:\WINDOWS\system32\PSAPI.DLL
0x00007ffe31400000 - 0x00007ffe31423000 	C:\WINDOWS\SYSTEM32\WINMM.dll
0x00007ffe305a0000 - 0x00007ffe305a9000 	C:\WINDOWS\SYSTEM32\WSOCK32.dll
0x00007ffe2f540000 - 0x00007ffe2f54a000 	C:\WINDOWS\SYSTEM32\VERSION.dll
0x00007ffe33a50000 - 0x00007ffe33ab9000 	C:\WINDOWS\system32\WS2_32.dll
0x00007ffe33ac0000 - 0x00007ffe33ac8000 	C:\WINDOWS\system32\NSI.dll
0x00000000016d0000 - 0x00000000016fc000 	C:\WINDOWS\SYSTEM32\WINMMBASE.dll
0x00007ffe33a00000 - 0x00007ffe33a44000 	C:\WINDOWS\system32\cfgmgr32.dll
0x00007ffe31720000 - 0x00007ffe31747000 	C:\WINDOWS\SYSTEM32\DEVOBJ.dll
0x000000006ee20000 - 0x000000006ee2f000 	C:\Program Files\Java\jdk1.8.0_51\jre\bin\verify.dll
0x000000006edf0000 - 0x000000006ee19000 	C:\Program Files\Java\jdk1.8.0_51\jre\bin\java.dll
0x000000006edd0000 - 0x000000006ede6000 	C:\Program Files\Java\jdk1.8.0_51\jre\bin\zip.dll
0x00007ffe349a0000 - 0x00007ffe35ec2000 	C:\WINDOWS\system32\SHELL32.dll
0x00007ffe333d0000 - 0x00007ffe339f8000 	C:\WINDOWS\system32\windows.storage.dll
0x00007ffe34010000 - 0x00007ffe3428c000 	C:\WINDOWS\system32\combase.dll
0x00007ffe348e0000 - 0x00007ffe34931000 	C:\WINDOWS\system32\shlwapi.dll
0x00007ffe32dd0000 - 0x00007ffe32ddf000 	C:\WINDOWS\system32\kernel.appcore.dll
0x00007ffe33310000 - 0x00007ffe333c3000 	C:\WINDOWS\system32\shcore.dll
0x00007ffe32e00000 - 0x00007ffe32e4a000 	C:\WINDOWS\system32\powrprof.dll
0x00007ffe32db0000 - 0x00007ffe32dc3000 	C:\WINDOWS\system32\profapi.dll
0x00007ffe25620000 - 0x00007ffe257aa000 	C:\WINDOWS\SYSTEM32\dbghelp.dll

VM Arguments:
jvm_args: -Djava.awt.headless=true -Xmx1024M -Dfile.encoding=windows-1252 -Duser.country=ES -Duser.language=es -Duser.variant 
java_command: com.android.dx.command.Main --dex --num-threads=4 --output E:\Programas\proyectos android\moneyManagerV4\app\build\intermediates\pre-dexed\debug\com.android.support-design-23.1.0_7b83dd3c07340eb6f5b93f3e78e9d87ac2e9cfe9.jar E:\Programas\proyectos android\moneyManagerV4\app\build\intermediates\exploded-aar\com.android.support\design\23.1.0\jars\classes.jar
java_class_path (initial): C:\Android\sdk\build-tools\23.0.2\lib\dx.jar
Launcher Type: SUN_STANDARD

Environment Variables:
JAVA_HOME=C:\Program Files\Java\jdk1.8.0_60
PATH=C:\ProgramData\Oracle\Java\javapath;C:\Windows\system32;C:\Windows;C:\Windows\System32\Wbem;C:\Windows\System32\WindowsPowerShell\v1.0\;C:\Program Files (x86)\NVIDIA Corporation\PhysX\Common;C:\WINDOWS\system32;C:\WINDOWS;C:\WINDOWS\System32\Wbem;C:\WINDOWS\System32\WindowsPowerShell\v1.0\;C:\Program Files (x86)\GtkSharp\2.12\bin
USERNAME=Rene AMG
OS=Windows_NT
PROCESSOR_IDENTIFIER=AMD64 Family 21 Model 2 Stepping 0, AuthenticAMD



---------------  S Y S T E M  ---------------

OS: Windows 10.0 , 64 bit Build 10240 (10.0.10240.16384)

CPU:total 8 (8 cores per cpu, 1 threads per core) family 21 model 2 stepping 0, cmov, cx8, fxsr, mmx, sse, sse2, sse3, ssse3, sse4.1, sse4.2, popcnt, avx, aes, clmul, mmxext, 3dnowpref, lzcnt, sse4a, tsc, tscinvbit, tscinv, bmi1

Memory: 4k page, physical 8354460k(2636792k free), swap 10033116k(370632k free)

vm_info: Java HotSpot(TM) 64-Bit Server VM (25.51-b03) for windows-amd64 JRE (1.8.0_51-b16), built on Jun  8 2015 18:03:07 by "java_re" with MS VC++ 10.0 (VS2010)

time: Wed Nov 25 18:10:15 2015
elapsed time: 3 seconds (0d 0h 0m 3s)

