#
# There is insufficient memory for the Java Runtime Environment to continue.
# Native memory allocation (malloc) failed to allocate 401776 bytes for Chunk::new
# Possible reasons:
#   The system is out of physical RAM or swap space
#   In 32 bit mode, the process size limit was hit
# Possible solutions:
#   Reduce memory load on the system
#   Increase physical memory or swap space
#   Check if swap backing store is full
#   Use 64 bit Java on a 64 bit OS
#   Decrease Java heap size (-Xmx/-Xms)
#   Decrease number of Java threads
#   Decrease Java thread stack sizes (-Xss)
#   Set larger code cache with -XX:ReservedCodeCacheSize=
# This output file may be truncated or incomplete.
#
#  Out of Memory Error (allocation.cpp:390), pid=1372, tid=4948
#
# JRE version: Java(TM) SE Runtime Environment (8.0_51-b16) (build 1.8.0_51-b16)
# Java VM: Java HotSpot(TM) 64-Bit Server VM (25.51-b03 mixed mode windows-amd64 compressed oops)
# Failed to write core dump. Minidumps are not enabled by default on client versions of Windows
#

---------------  T H R E A D  ---------------

Current thread (0x000000001767f000):  JavaThread "C2 CompilerThread2" daemon [_thread_in_native, id=4948, stack(0x0000000017e50000,0x0000000017f50000)]

Stack: [0x0000000017e50000,0x0000000017f50000]
[error occurred during error reporting (printing stack bounds), id 0xc0000005]

Native frames: (J=compiled Java code, j=interpreted, Vv=VM code, C=native code)
V  [jvm.dll+0x32b4ca]


Current CompileTask:
C2:   1093 1097       4       com.android.dx.ssa.back.LivenessAnalyzer::handleTailRecursion (94 bytes)


---------------  P R O C E S S  ---------------

Java Threads: ( => current thread )
  0x000000001796d800 JavaThread "pool-1-thread-4" [_thread_blocked, id=9444, stack(0x0000000018e50000,0x0000000018f50000)]
  0x000000001793e000 JavaThread "pool-1-thread-3" [_thread_in_Java, id=10236, stack(0x0000000018d50000,0x0000000018e50000)]
  0x000000001793d800 JavaThread "pool-1-thread-2" [_thread_blocked, id=6708, stack(0x0000000018c50000,0x0000000018d50000)]
  0x00000000179e5800 JavaThread "pool-2-thread-1" [_thread_blocked, id=5544, stack(0x0000000018b50000,0x0000000018c50000)]
  0x00000000179e5000 JavaThread "pool-1-thread-1" [_thread_blocked, id=7020, stack(0x0000000018a50000,0x0000000018b50000)]
  0x00000000176e7000 JavaThread "Service Thread" daemon [_thread_blocked, id=5488, stack(0x0000000018050000,0x0000000018150000)]
  0x0000000017684000 JavaThread "C1 CompilerThread3" daemon [_thread_blocked, id=1128, stack(0x0000000017f50000,0x0000000018050000)]
=>0x000000001767f000 JavaThread "C2 CompilerThread2" daemon [_thread_in_native, id=4948, stack(0x0000000017e50000,0x0000000017f50000)]
  0x000000001767c000 JavaThread "C2 CompilerThread1" daemon [_thread_blocked, id=4304, stack(0x0000000017d50000,0x0000000017e50000)]
  0x0000000017677800 JavaThread "C2 CompilerThread0" daemon [_thread_blocked, id=856, stack(0x0000000017c50000,0x0000000017d50000)]
  0x0000000017676800 JavaThread "Attach Listener" daemon [_thread_blocked, id=416, stack(0x0000000017b50000,0x0000000017c50000)]
  0x0000000017675800 JavaThread "Signal Dispatcher" daemon [_thread_blocked, id=9788, stack(0x0000000017a50000,0x0000000017b50000)]
  0x0000000002b4b800 JavaThread "Finalizer" daemon [_thread_blocked, id=9344, stack(0x0000000017540000,0x0000000017640000)]
  0x0000000002b44000 JavaThread "Reference Handler" daemon [_thread_blocked, id=10008, stack(0x0000000017440000,0x0000000017540000)]
  0x000000000278d800 JavaThread "main" [_thread_blocked, id=808, stack(0x0000000002950000,0x0000000002a50000)]

Other Threads:
  0x0000000015669000 VMThread [stack: 0x0000000017340000,0x0000000017440000] [id=8336]
  0x00000000176ec000 WatcherThread [stack: 0x0000000018150000,0x0000000018250000] [id=5596]

VM state:not at safepoint (normal execution)

VM Mutex/Monitor currently owned by a thread: None

Heap:
 PSYoungGen      total 38400K, used 27379K [0x00000000eab00000, 0x00000000ed580000, 0x0000000100000000)
  eden space 33280K, 82% used [0x00000000eab00000,0x00000000ec5bcf48,0x00000000ecb80000)
  from space 5120K, 0% used [0x00000000ed080000,0x00000000ed080000,0x00000000ed580000)
  to   space 5120K, 0% used [0x00000000ecb80000,0x00000000ecb80000,0x00000000ed080000)
 ParOldGen       total 87552K, used 0K [0x00000000c0000000, 0x00000000c5580000, 0x00000000eab00000)
  object space 87552K, 0% used [0x00000000c0000000,0x00000000c0000000,0x00000000c5580000)
 Metaspace       used 5819K, capacity 6768K, committed 7040K, reserved 1056768K
  class space    used 586K, capacity 616K, committed 640K, reserved 1048576K

Card table byte_map: [0x0000000011f10000,0x0000000012120000] byte_map_base: 0x0000000011910000

Marking Bits: (ParMarkBitMap*) 0x000000006f634040
 Begin Bits: [0x0000000012a80000, 0x0000000013a80000)
 End Bits:   [0x0000000013a80000, 0x0000000014a80000)

Polling page: 0x0000000002770000

CodeCache: size=245760Kb used=4094Kb max_used=4108Kb free=241665Kb
 bounds [0x0000000002b50000, 0x0000000002f60000, 0x0000000011b50000]
 total_blobs=1346 nmethods=1077 adapters=182
 compilation: disabled (not enough contiguous free space left)

Compilation events (10 events):
Event: 1.062 Thread 0x0000000017684000 1076       3       com.android.dx.cf.code.Merger::mergeType (142 bytes)
Event: 1.063 Thread 0x0000000017684000 nmethod 1076 0x0000000002f53250 code [0x0000000002f53500, 0x0000000002f54988]
Event: 1.063 Thread 0x0000000017684000 1077       3       com.android.dx.ssa.Dominators::run (506 bytes)
Event: 1.072 Thread 0x000000001767c000 1079       4       com.android.dx.ssa.SsaMethod::deleteInsns (239 bytes)
Event: 1.072 Thread 0x000000001767f000 1075       4       com.android.dx.cf.code.BaseMachine::clearArgs (56 bytes)
Event: 1.074 Thread 0x0000000017677800 1085       4       com.android.dx.ssa.SsaMethod::forEachInsn (36 bytes)
Event: 1.078 Thread 0x000000001767f000 nmethod 1075 0x0000000002f03c90 code [0x0000000002f03dc0, 0x0000000002f03e58]
Event: 1.078 Thread 0x000000001767f000 1097       4       com.android.dx.ssa.back.LivenessAnalyzer::handleTailRecursion (94 bytes)
Event: 1.081 Thread 0x0000000017677800 nmethod 1085 0x0000000002f4fd10 code [0x0000000002f4fe60, 0x0000000002f50088]
Event: 1.082 Thread 0x0000000017684000 


GC Heap History (0 events):
No events

Deoptimization events (9 events):
Event: 0.651 Thread 0x000000001793d800 Uncommon trap: reason=unstable_if action=reinterpret pc=0x0000000002db95b4 method=java.util.BitSet.ensureCapacity(I)V @ 6
Event: 0.651 Thread 0x000000001793d800 Uncommon trap: reason=unstable_if action=reinterpret pc=0x0000000002d88e30 method=java.util.BitSet.nextSetBit(I)I @ 87
Event: 0.658 Thread 0x000000001793d800 Uncommon trap: reason=unstable_if action=reinterpret pc=0x0000000002d8631c method=java.util.HashMap.getNode(ILjava/lang/Object;)Ljava/util/HashMap$Node; @ 129
Event: 0.681 Thread 0x000000001793d800 Uncommon trap: reason=class_check action=maybe_recompile pc=0x0000000002d9e330 method=com.android.dx.ssa.NormalSsaInsn.accept(Lcom/android/dx/ssa/SsaInsn$Visitor;)V @ 9
Event: 0.710 Thread 0x000000000278d800 Uncommon trap: reason=class_check action=maybe_recompile pc=0x0000000002dbe114 method=com.android.dx.ssa.NormalSsaInsn.accept(Lcom/android/dx/ssa/SsaInsn$Visitor;)V @ 9
Event: 0.710 Thread 0x000000000278d800 Uncommon trap: reason=class_check action=maybe_recompile pc=0x0000000002dbe114 method=com.android.dx.ssa.NormalSsaInsn.accept(Lcom/android/dx/ssa/SsaInsn$Visitor;)V @ 9
Event: 0.710 Thread 0x000000000278d800 Uncommon trap: reason=class_check action=maybe_recompile pc=0x0000000002dbe114 method=com.android.dx.ssa.NormalSsaInsn.accept(Lcom/android/dx/ssa/SsaInsn$Visitor;)V @ 9
Event: 0.711 Thread 0x000000000278d800 Uncommon trap: reason=class_check action=maybe_recompile pc=0x0000000002d9e330 method=com.android.dx.ssa.NormalSsaInsn.accept(Lcom/android/dx/ssa/SsaInsn$Visitor;)V @ 9
Event: 0.774 Thread 0x000000001793d800 Uncommon trap: reason=unstable_if action=reinterpret pc=0x0000000002da4d04 method=java.util.HashMap.getNode(ILjava/lang/Object;)Ljava/util/HashMap$Node; @ 129

Internal exceptions (2 events):
Event: 0.055 Thread 0x000000000278d800 Exception <a 'java/lang/NoSuchMethodError': Method sun.misc.Unsafe.defineClass(Ljava/lang/String;[BII)Ljava/lang/Class; name or signature does not match> (0x00000000eab0d1c8) thrown at [C:\re\workspace\8-2-build-windows-amd64-cygwin\jdk8u51\3951\hotspot\sr4»&œiG¬?
Event: 0.055 Thread 0x000000000278d800 Exception <a 'java/lang/NoSuchMethodError': Method sun.misc.Unsafe.prefetchRead(Ljava/lang/Object;J)V name or signature does not match> (0x00000000eab0d458) thrown at [C:\re\workspace\8-2-build-windows-amd64-cygwin\jdk8u51\3951\hotspot\src\share\vm\prims\j

Events (10 events):
Event: 0.775 Executing VM operation: ForceSafepoint
Event: 0.801 Executing VM operation: ForceSafepoint done
Event: 0.897 loading class java/util/DualPivotQuicksort
Event: 0.897 loading class java/util/DualPivotQuicksort done
Event: 1.064 loading class java/util/TreeMap$EntrySet
Event: 1.064 loading class java/util/TreeMap$EntrySet done
Event: 1.064 loading class java/util/TreeMap$EntryIterator
Event: 1.064 loading class java/util/TreeMap$EntryIterator done
Event: 1.064 Executing VM operation: Deoptimize
Event: 1.064 Executing VM operation: Deoptimize done


Dynamic libraries:
0x00007ff6cbf80000 - 0x00007ff6cbfb7000 	C:\Program Files\Java\jdk1.8.0_51\bin\java.exe
0x00007ffe36380000 - 0x00007ffe36541000 	C:\WINDOWS\SYSTEM32\ntdll.dll
0x00007ffe36270000 - 0x00007ffe3631d000 	C:\WINDOWS\system32\KERNEL32.DLL
0x00007ffe33020000 - 0x00007ffe331fd000 	C:\WINDOWS\system32\KERNELBASE.dll
0x00007ffe33c00000 - 0x00007ffe33ca6000 	C:\WINDOWS\system32\ADVAPI32.dll
0x00007ffe360f0000 - 0x00007ffe3618d000 	C:\WINDOWS\system32\msvcrt.dll
0x00007ffe34880000 - 0x00007ffe348db000 	C:\WINDOWS\system32\sechost.dll
0x00007ffe33ad0000 - 0x00007ffe33bf6000 	C:\WINDOWS\system32\RPCRT4.dll
0x00007ffe33ec0000 - 0x00007ffe3400e000 	C:\WINDOWS\system32\USER32.dll
0x00007ffe343f0000 - 0x00007ffe34576000 	C:\WINDOWS\system32\GDI32.dll
0x00007ffe2e0a0000 - 0x00007ffe2e314000 	C:\WINDOWS\WinSxS\amd64_microsoft.windows.common-controls_6595b64144ccf1df_6.0.10240.16384_none_f41f7b285750ef43\COMCTL32.dll
0x00007ffe35ee0000 - 0x00007ffe35f16000 	C:\WINDOWS\system32\IMM32.DLL
0x00007ffe33cb0000 - 0x00007ffe33e0c000 	C:\WINDOWS\system32\MSCTF.dll
0x000000006f6c0000 - 0x000000006f792000 	C:\Program Files\Java\jdk1.8.0_51\jre\bin\msvcr100.dll
0x000000006ee30000 - 0x000000006f6b3000 	C:\Program Files\Java\jdk1.8.0_51\jre\bin\server\jvm.dll
0x00007ffe35ed0000 - 0x00007ffe35ed8000 	C:\WINDOWS\system32\PSAPI.DLL
0x00007ffe305a0000 - 0x00007ffe305a9000 	C:\WINDOWS\SYSTEM32\WSOCK32.dll
0x00007ffe31400000 - 0x00007ffe31423000 	C:\WINDOWS\SYSTEM32\WINMM.dll
0x00007ffe2f540000 - 0x00007ffe2f54a000 	C:\WINDOWS\SYSTEM32\VERSION.dll
0x00007ffe33a50000 - 0x00007ffe33ab9000 	C:\WINDOWS\system32\WS2_32.dll
0x00007ffe33ac0000 - 0x00007ffe33ac8000 	C:\WINDOWS\system32\NSI.dll
0x0000000002920000 - 0x000000000294c000 	C:\WINDOWS\SYSTEM32\WINMMBASE.dll
0x00007ffe33a00000 - 0x00007ffe33a44000 	C:\WINDOWS\system32\cfgmgr32.dll
0x00007ffe31720000 - 0x00007ffe31747000 	C:\WINDOWS\SYSTEM32\DEVOBJ.dll
0x000000006ee20000 - 0x000000006ee2f000 	C:\Program Files\Java\jdk1.8.0_51\jre\bin\verify.dll
0x000000006edf0000 - 0x000000006ee19000 	C:\Program Files\Java\jdk1.8.0_51\jre\bin\java.dll
0x000000006edd0000 - 0x000000006ede6000 	C:\Program Files\Java\jdk1.8.0_51\jre\bin\zip.dll
0x00007ffe349a0000 - 0x00007ffe35ec2000 	C:\WINDOWS\system32\SHELL32.dll
0x00007ffe333d0000 - 0x00007ffe339f8000 	C:\WINDOWS\system32\windows.storage.dll
0x00007ffe34010000 - 0x00007ffe3428c000 	C:\WINDOWS\system32\combase.dll
0x00007ffe348e0000 - 0x00007ffe34931000 	C:\WINDOWS\system32\shlwapi.dll
0x00007ffe32dd0000 - 0x00007ffe32ddf000 	C:\WINDOWS\system32\kernel.appcore.dll
0x00007ffe33310000 - 0x00007ffe333c3000 	C:\WINDOWS\system32\shcore.dll
0x00007ffe32e00000 - 0x00007ffe32e4a000 	C:\WINDOWS\system32\powrprof.dll
0x00007ffe32db0000 - 0x00007ffe32dc3000 	C:\WINDOWS\system32\profapi.dll

VM Arguments:
jvm_args: -Djava.awt.headless=true -Xmx1024M -Dfile.encoding=windows-1252 -Duser.country=ES -Duser.language=es -Duser.variant 
java_command: com.android.dx.command.Main --dex --num-threads=4 --output E:\Programas\proyectos android\moneyManagerV4\app\build\intermediates\pre-dexed\debug\internal_impl-23.1.0_c27fcdecc88d468756682614713f035a81c498e9.jar E:\Programas\proyectos android\moneyManagerV4\app\build\intermediates\exploded-aar\com.android.support\support-v4\23.1.0\jars\libs\internal_impl-23.1.0.jar
java_class_path (initial): C:\Android\sdk\build-tools\23.0.2\lib\dx.jar
Launcher Type: SUN_STANDARD

Environment Variables:
JAVA_HOME=C:\Program Files\Java\jdk1.8.0_60
PATH=C:\ProgramData\Oracle\Java\javapath;C:\Windows\system32;C:\Windows;C:\Windows\System32\Wbem;C:\Windows\System32\WindowsPowerShell\v1.0\;C:\Program Files (x86)\NVIDIA Corporation\PhysX\Common;C:\WINDOWS\system32;C:\WINDOWS;C:\WINDOWS\System32\Wbem;C:\WINDOWS\System32\WindowsPowerShell\v1.0\;C:\Program Files (x86)\GtkSharp\2.12\bin
USERNAME=Rene AMG
OS=Windows_NT
PROCESSOR_IDENTIFIER=AMD64 Family 21 Model 2 Stepping 0, AuthenticAMD



---------------  S Y S T E M  ---------------

OS: Windows 10.0 , 64 bit Build 10240 (10.0.10240.16384)

CPU:total 8 (8 cores per cpu, 1 threads per core) family 21 model 2 stepping 0, cmov, cx8, fxsr, mmx, sse, sse2, sse3, ssse3, sse4.1, sse4.2, popcnt, avx, aes, clmul, mmxext, 3dnowpref, lzcnt, sse4a, tsc, tscinvbit, tscinv, bmi1

Memory: 4k page, physical 8354460k(2642484k free), swap 10033116k(424k free)

vm_info: Java HotSpot(TM) 64-Bit Server VM (25.51-b03) for windows-amd64 JRE (1.8.0_51-b16), built on Jun  8 2015 18:03:07 by "java_re" with MS VC++ 10.0 (VS2010)

time: Wed Nov 25 18:10:53 2015
elapsed time: 1 seconds (0d 0h 0m 1s)

