#
# There is insufficient memory for the Java Runtime Environment to continue.
# Native memory allocation (malloc) failed to allocate 262160 bytes for Chunk::new
# Possible reasons:
#   The system is out of physical RAM or swap space
#   In 32 bit mode, the process size limit was hit
# Possible solutions:
#   Reduce memory load on the system
#   Increase physical memory or swap space
#   Check if swap backing store is full
#   Use 64 bit Java on a 64 bit OS
#   Decrease Java heap size (-Xmx/-Xms)
#   Decrease number of Java threads
#   Decrease Java thread stack sizes (-Xss)
#   Set larger code cache with -XX:ReservedCodeCacheSize=
# This output file may be truncated or incomplete.
#
#  Out of Memory Error (allocation.cpp:390), pid=1512, tid=4428
#
# JRE version: Java(TM) SE Runtime Environment (8.0_51-b16) (build 1.8.0_51-b16)
# Java VM: Java HotSpot(TM) 64-Bit Server VM (25.51-b03 mixed mode windows-amd64 compressed oops)
# Failed to write core dump. Minidumps are not enabled by default on client versions of Windows
#

---------------  T H R E A D  ---------------

Current thread (0x0000000016e8b000):  JavaThread "C2 CompilerThread2" daemon [_thread_in_native, id=4428, stack(0x0000000017650000,0x0000000017750000)]

Stack: [0x0000000017650000,0x0000000017750000]
[error occurred during error reporting (printing stack bounds), id 0xc0000005]

Native frames: (J=compiled Java code, j=interpreted, Vv=VM code, C=native code)
V  [jvm.dll+0x32b4ca]


Current CompileTask:
C2:   1135 1141   !   4       com.android.dx.cf.code.BytecodeArray::parseInstruction (2764 bytes)


---------------  P R O C E S S  ---------------

Java Threads: ( => current thread )
  0x0000000017202000 JavaThread "pool-1-thread-4" [_thread_blocked, id=7680, stack(0x0000000018650000,0x0000000018750000)]
  0x0000000017135000 JavaThread "pool-1-thread-3" [_thread_in_Java, id=7756, stack(0x0000000018550000,0x0000000018650000)]
  0x0000000017131800 JavaThread "pool-1-thread-2" [_thread_in_Java, id=5524, stack(0x0000000018450000,0x0000000018550000)]
  0x000000001712e000 JavaThread "pool-2-thread-1" [_thread_blocked, id=9548, stack(0x0000000018350000,0x0000000018450000)]
  0x000000001711b000 JavaThread "pool-1-thread-1" [_thread_blocked, id=9392, stack(0x0000000018250000,0x0000000018350000)]
  0x0000000016ee9800 JavaThread "Service Thread" daemon [_thread_blocked, id=7708, stack(0x0000000017850000,0x0000000017950000)]
  0x0000000016ebc000 JavaThread "C1 CompilerThread3" daemon [_thread_blocked, id=5580, stack(0x0000000017750000,0x0000000017850000)]
=>0x0000000016e8b000 JavaThread "C2 CompilerThread2" daemon [_thread_in_native, id=4428, stack(0x0000000017650000,0x0000000017750000)]
  0x0000000016e7e000 JavaThread "C2 CompilerThread1" daemon [_thread_in_native, id=5612, stack(0x0000000017550000,0x0000000017650000)]
  0x0000000016e75800 JavaThread "C2 CompilerThread0" daemon [_thread_blocked, id=1580, stack(0x0000000017450000,0x0000000017550000)]
  0x0000000016e74000 JavaThread "Attach Listener" daemon [_thread_blocked, id=9784, stack(0x0000000017350000,0x0000000017450000)]
  0x0000000016e73800 JavaThread "Signal Dispatcher" daemon [_thread_blocked, id=6212, stack(0x0000000017250000,0x0000000017350000)]
  0x0000000002349800 JavaThread "Finalizer" daemon [_thread_blocked, id=6004, stack(0x0000000016d50000,0x0000000016e50000)]
  0x0000000002343000 JavaThread "Reference Handler" daemon [_thread_blocked, id=8944, stack(0x0000000016c50000,0x0000000016d50000)]
  0x0000000001f4d800 JavaThread "main" [_thread_in_Java, id=2916, stack(0x0000000002150000,0x0000000002250000)]

Other Threads:
  0x0000000014e69800 VMThread [stack: 0x0000000016b50000,0x0000000016c50000] [id=9160]
  0x0000000016eea000 WatcherThread [stack: 0x0000000017950000,0x0000000017a50000] [id=3460]

VM state:not at safepoint (normal execution)

VM Mutex/Monitor currently owned by a thread: None

Heap:
 PSYoungGen      total 38400K, used 7072K [0x00000000eab00000, 0x00000000ed580000, 0x0000000100000000)
  eden space 33280K, 5% used [0x00000000eab00000,0x00000000eace94f8,0x00000000ecb80000)
  from space 5120K, 99% used [0x00000000ecb80000,0x00000000ed07ec38,0x00000000ed080000)
  to   space 5120K, 0% used [0x00000000ed080000,0x00000000ed080000,0x00000000ed580000)
 ParOldGen       total 87552K, used 1536K [0x00000000c0000000, 0x00000000c5580000, 0x00000000eab00000)
  object space 87552K, 1% used [0x00000000c0000000,0x00000000c0180250,0x00000000c5580000)
 Metaspace       used 5868K, capacity 6832K, committed 7040K, reserved 1056768K
  class space    used 589K, capacity 616K, committed 640K, reserved 1048576K

Card table byte_map: [0x0000000011710000,0x0000000011920000] byte_map_base: 0x0000000011110000

Marking Bits: (ParMarkBitMap*) 0x000000006f634040
 Begin Bits: [0x0000000012280000, 0x0000000013280000)
 End Bits:   [0x0000000013280000, 0x0000000014280000)

Polling page: 0x0000000001f30000

CodeCache: size=245760Kb used=4508Kb max_used=4524Kb free=241251Kb
 bounds [0x0000000002350000, 0x00000000027c0000, 0x0000000011350000]
 total_blobs=1448 nmethods=1179 adapters=182
 compilation: disabled (not enough contiguous free space left)

Compilation events (10 events):
Event: 0.841 Thread 0x0000000016ebc000 1182       1       com.android.dx.cf.attrib.InnerClassList$Item::getInnerClass (5 bytes)
Event: 0.841 Thread 0x0000000016ebc000 nmethod 1182 0x00000000027b7250 code [0x00000000027b73a0, 0x00000000027b74b0]
Event: 0.841 Thread 0x0000000016ebc000 1183       3       com.android.dx.ssa.SsaMethod$1::visitPhiInsn (17 bytes)
Event: 0.842 Thread 0x0000000016ebc000 nmethod 1183 0x00000000027b7510 code [0x00000000027b7680, 0x00000000027b7a70]
Event: 0.842 Thread 0x0000000016ebc000 1184       3       com.android.dx.ssa.SsaMethod$2::visitPhiInsn (6 bytes)
Event: 0.842 Thread 0x0000000016ebc000 nmethod 1184 0x00000000027b7c10 code [0x00000000027b7d80, 0x00000000027b7f08]
Event: 0.842 Thread 0x0000000016ebc000 1185       3       com.android.dx.ssa.ConstCollector$2::map (28 bytes)
Event: 0.842 Thread 0x0000000016ebc000 nmethod 1185 0x00000000027b7f90 code [0x00000000027b8100, 0x00000000027b8528]
Event: 0.851 Thread 0x0000000016e7e000 nmethod 1134 0x00000000027bc710 code [0x00000000027bc900, 0x00000000027bdd78]
Event: 0.851 Thread 0x0000000016e7e000 1201       4       com.android.dx.ssa.SsaMethod$2::addToUses (48 bytes)

GC Heap History (2 events):
Event: 0.952 GC heap before
{Heap before GC invocations=1 (full 0):
 PSYoungGen      total 38400K, used 33280K [0x00000000eab00000, 0x00000000ed580000, 0x0000000100000000)
  eden space 33280K, 100% used [0x00000000eab00000,0x00000000ecb80000,0x00000000ecb80000)
  from space 5120K, 0% used [0x00000000ed080000,0x00000000ed080000,0x00000000ed580000)
  to   space 5120K, 0% used [0x00000000ecb80000,0x00000000ecb80000,0x00000000ed080000)
 ParOldGen       total 87552K, used 0K [0x00000000c0000000, 0x00000000c5580000, 0x00000000eab00000)
  object space 87552K, 0% used [0x00000000c0000000,0x00000000c0000000,0x00000000c5580000)
 Metaspace       used 5861K, capacity 6832K, committed 7040K, reserved 1056768K
  class space    used 589K, capacity 616K, committed 640K, reserved 1048576K
Event: 1.125 GC heap after
Heap after GC invocations=1 (full 0):
 PSYoungGen      total 38400K, used 5115K [0x00000000eab00000, 0x00000000ed580000, 0x0000000100000000)
  eden space 33280K, 0% used [0x00000000eab00000,0x00000000eab00000,0x00000000ecb80000)
  from space 5120K, 99% used [0x00000000ecb80000,0x00000000ed07ec38,0x00000000ed080000)
  to   space 5120K, 0% used [0x00000000ed080000,0x00000000ed080000,0x00000000ed580000)
 ParOldGen       total 87552K, used 1536K [0x00000000c0000000, 0x00000000c5580000, 0x00000000eab00000)
  object space 87552K, 1% used [0x00000000c0000000,0x00000000c0180250,0x00000000c5580000)
 Metaspace       used 5861K, capacity 6832K, committed 7040K, reserved 1056768K
  class space    used 589K, capacity 616K, committed 640K, reserved 1048576K
}

Deoptimization events (10 events):
Event: 0.816 Thread 0x0000000017131800 Uncommon trap: reason=bimorphic action=maybe_recompile pc=0x0000000002650060 method=java.util.HashMap.getNode(ILjava/lang/Object;)Ljava/util/HashMap$Node; @ 126
Event: 0.816 Thread 0x0000000017131800 Uncommon trap: reason=class_check action=maybe_recompile pc=0x0000000002782200 method=java.util.HashMap.putVal(ILjava/lang/Object;Ljava/lang/Object;ZZ)Ljava/lang/Object; @ 203
Event: 0.816 Thread 0x0000000017131800 Uncommon trap: reason=bimorphic action=maybe_recompile pc=0x0000000002650060 method=java.util.HashMap.getNode(ILjava/lang/Object;)Ljava/util/HashMap$Node; @ 126
Event: 0.816 Thread 0x0000000017131800 Uncommon trap: reason=class_check action=maybe_recompile pc=0x0000000002782200 method=java.util.HashMap.putVal(ILjava/lang/Object;Ljava/lang/Object;ZZ)Ljava/lang/Object; @ 203
Event: 0.816 Thread 0x0000000017131800 Uncommon trap: reason=bimorphic action=maybe_recompile pc=0x0000000002650060 method=java.util.HashMap.getNode(ILjava/lang/Object;)Ljava/util/HashMap$Node; @ 126
Event: 0.816 Thread 0x0000000017131800 Uncommon trap: reason=class_check action=maybe_recompile pc=0x0000000002782200 method=java.util.HashMap.putVal(ILjava/lang/Object;Ljava/lang/Object;ZZ)Ljava/lang/Object; @ 203
Event: 0.816 Thread 0x0000000017131800 Uncommon trap: reason=bimorphic action=maybe_recompile pc=0x0000000002575bfc method=java.util.HashMap.getNode(ILjava/lang/Object;)Ljava/util/HashMap$Node; @ 126
Event: 0.816 Thread 0x0000000017131800 Uncommon trap: reason=unstable_if action=reinterpret pc=0x000000000267aa5c method=com.android.dx.rop.cst.Constant.compareTo(Lcom/android/dx/rop/cst/Constant;)I @ 12
Event: 0.822 Thread 0x0000000017131800 Uncommon trap: reason=class_check action=maybe_recompile pc=0x0000000002796790 method=java.util.HashMap.putVal(ILjava/lang/Object;Ljava/lang/Object;ZZ)Ljava/lang/Object; @ 203
Event: 0.824 Thread 0x0000000017202000 Uncommon trap: reason=unstable_if action=reinterpret pc=0x00000000025c7910 method=com.android.dx.rop.code.RegisterSpec.equals(ILcom/android/dx/rop/type/TypeBearer;Lcom/android/dx/rop/code/LocalItem;)Z @ 42

Internal exceptions (2 events):
Event: 0.052 Thread 0x0000000001f4d800 Exception <a 'java/lang/NoSuchMethodError': Method sun.misc.Unsafe.defineClass(Ljava/lang/String;[BII)Ljava/lang/Class; name or signature does not match> (0x00000000eab0d240) thrown at [C:\re\workspace\8-2-build-windows-amd64-cygwin\jdk8u51\3951\hotspot\srึ์Oิช?
Event: 0.052 Thread 0x0000000001f4d800 Exception <a 'java/lang/NoSuchMethodError': Method sun.misc.Unsafe.prefetchRead(Ljava/lang/Object;J)V name or signature does not match> (0x00000000eab0d4d0) thrown at [C:\re\workspace\8-2-build-windows-amd64-cygwin\jdk8u51\3951\hotspot\src\share\vm\prims\j

Events (10 events):
Event: 0.822 Thread 0x0000000017131800 Uncommon trap: trap_request=0xffffffde fr.pc=0x0000000002796790
Event: 0.822 Thread 0x0000000017131800 DEOPT PACKING pc=0x0000000002796790 sp=0x000000001854e9b0
Event: 0.822 Thread 0x0000000017131800 DEOPT UNPACKING pc=0x000000000239582a sp=0x000000001854e8d8 mode 2
Event: 0.822 Executing VM operation: ForceSafepoint
Event: 0.822 Executing VM operation: ForceSafepoint done
Event: 0.824 Thread 0x0000000017202000 Uncommon trap: trap_request=0xffffff65 fr.pc=0x00000000025c7910
Event: 0.824 Thread 0x0000000017202000 DEOPT PACKING pc=0x00000000025c7910 sp=0x000000001874e8f0
Event: 0.824 Thread 0x0000000017202000 DEOPT UNPACKING pc=0x000000000239582a sp=0x000000001874e878 mode 2
Event: 0.851 Executing VM operation: ParallelGCFailedAllocation
Event: 1.125 Executing VM operation: ParallelGCFailedAllocation done


Dynamic libraries:
0x00007ff6cbf80000 - 0x00007ff6cbfb7000 	C:\Program Files\Java\jdk1.8.0_51\bin\java.exe
0x00007ffe36380000 - 0x00007ffe36541000 	C:\WINDOWS\SYSTEM32\ntdll.dll
0x00007ffe36270000 - 0x00007ffe3631d000 	C:\WINDOWS\system32\KERNEL32.DLL
0x00007ffe33020000 - 0x00007ffe331fd000 	C:\WINDOWS\system32\KERNELBASE.dll
0x00007ffe33c00000 - 0x00007ffe33ca6000 	C:\WINDOWS\system32\ADVAPI32.dll
0x00007ffe360f0000 - 0x00007ffe3618d000 	C:\WINDOWS\system32\msvcrt.dll
0x00007ffe34880000 - 0x00007ffe348db000 	C:\WINDOWS\system32\sechost.dll
0x00007ffe33ad0000 - 0x00007ffe33bf6000 	C:\WINDOWS\system32\RPCRT4.dll
0x00007ffe33ec0000 - 0x00007ffe3400e000 	C:\WINDOWS\system32\USER32.dll
0x00007ffe343f0000 - 0x00007ffe34576000 	C:\WINDOWS\system32\GDI32.dll
0x00007ffe2e0a0000 - 0x00007ffe2e314000 	C:\WINDOWS\WinSxS\amd64_microsoft.windows.common-controls_6595b64144ccf1df_6.0.10240.16384_none_f41f7b285750ef43\COMCTL32.dll
0x00007ffe35ee0000 - 0x00007ffe35f16000 	C:\WINDOWS\system32\IMM32.DLL
0x00007ffe33cb0000 - 0x00007ffe33e0c000 	C:\WINDOWS\system32\MSCTF.dll
0x000000006f6c0000 - 0x000000006f792000 	C:\Program Files\Java\jdk1.8.0_51\jre\bin\msvcr100.dll
0x000000006ee30000 - 0x000000006f6b3000 	C:\Program Files\Java\jdk1.8.0_51\jre\bin\server\jvm.dll
0x00007ffe35ed0000 - 0x00007ffe35ed8000 	C:\WINDOWS\system32\PSAPI.DLL
0x00007ffe2f540000 - 0x00007ffe2f54a000 	C:\WINDOWS\SYSTEM32\VERSION.dll
0x00007ffe31400000 - 0x00007ffe31423000 	C:\WINDOWS\SYSTEM32\WINMM.dll
0x00007ffe305a0000 - 0x00007ffe305a9000 	C:\WINDOWS\SYSTEM32\WSOCK32.dll
0x00007ffe33a50000 - 0x00007ffe33ab9000 	C:\WINDOWS\system32\WS2_32.dll
0x00007ffe33ac0000 - 0x00007ffe33ac8000 	C:\WINDOWS\system32\NSI.dll
0x00007ffe312c0000 - 0x00007ffe312ec000 	C:\WINDOWS\SYSTEM32\WINMMBASE.dll
0x00007ffe33a00000 - 0x00007ffe33a44000 	C:\WINDOWS\system32\cfgmgr32.dll
0x00007ffe31720000 - 0x00007ffe31747000 	C:\WINDOWS\SYSTEM32\DEVOBJ.dll
0x000000006ee20000 - 0x000000006ee2f000 	C:\Program Files\Java\jdk1.8.0_51\jre\bin\verify.dll
0x000000006edf0000 - 0x000000006ee19000 	C:\Program Files\Java\jdk1.8.0_51\jre\bin\java.dll
0x000000006edd0000 - 0x000000006ede6000 	C:\Program Files\Java\jdk1.8.0_51\jre\bin\zip.dll
0x00007ffe349a0000 - 0x00007ffe35ec2000 	C:\WINDOWS\system32\SHELL32.dll
0x00007ffe333d0000 - 0x00007ffe339f8000 	C:\WINDOWS\system32\windows.storage.dll
0x00007ffe34010000 - 0x00007ffe3428c000 	C:\WINDOWS\system32\combase.dll
0x00007ffe348e0000 - 0x00007ffe34931000 	C:\WINDOWS\system32\shlwapi.dll
0x00007ffe32dd0000 - 0x00007ffe32ddf000 	C:\WINDOWS\system32\kernel.appcore.dll
0x00007ffe33310000 - 0x00007ffe333c3000 	C:\WINDOWS\system32\shcore.dll
0x00007ffe32e00000 - 0x00007ffe32e4a000 	C:\WINDOWS\system32\powrprof.dll
0x00007ffe32db0000 - 0x00007ffe32dc3000 	C:\WINDOWS\system32\profapi.dll

VM Arguments:
jvm_args: -Djava.awt.headless=true -Xmx1024M -Dfile.encoding=windows-1252 -Duser.country=ES -Duser.language=es -Duser.variant 
java_command: com.android.dx.command.Main --dex --num-threads=4 --output E:\Programas\proyectos android\moneyManagerV4\app\build\intermediates\pre-dexed\debug\com.android.support-recyclerview-v7-23.1.0_32345fae370fa36bc141b870185312dc9e4c8208.jar E:\Programas\proyectos android\moneyManagerV4\app\build\intermediates\exploded-aar\com.android.support\recyclerview-v7\23.1.0\jars\classes.jar
java_class_path (initial): C:\Android\sdk\build-tools\23.0.2\lib\dx.jar
Launcher Type: SUN_STANDARD

Environment Variables:
JAVA_HOME=C:\Program Files\Java\jdk1.8.0_60
PATH=C:\ProgramData\Oracle\Java\javapath;C:\Windows\system32;C:\Windows;C:\Windows\System32\Wbem;C:\Windows\System32\WindowsPowerShell\v1.0\;C:\Program Files (x86)\NVIDIA Corporation\PhysX\Common;C:\WINDOWS\system32;C:\WINDOWS;C:\WINDOWS\System32\Wbem;C:\WINDOWS\System32\WindowsPowerShell\v1.0\;C:\Program Files (x86)\GtkSharp\2.12\bin
USERNAME=Rene AMG
OS=Windows_NT
PROCESSOR_IDENTIFIER=AMD64 Family 21 Model 2 Stepping 0, AuthenticAMD



---------------  S Y S T E M  ---------------

OS: Windows 10.0 , 64 bit Build 10240 (10.0.10240.16384)

CPU:total 8 (8 cores per cpu, 1 threads per core) family 21 model 2 stepping 0, cmov, cx8, fxsr, mmx, sse, sse2, sse3, ssse3, sse4.1, sse4.2, popcnt, avx, aes, clmul, mmxext, 3dnowpref, lzcnt, sse4a, tsc, tscinvbit, tscinv, bmi1

Memory: 4k page, physical 8354460k(2612740k free), swap 10033116k(6328k free)

vm_info: Java HotSpot(TM) 64-Bit Server VM (25.51-b03) for windows-amd64 JRE (1.8.0_51-b16), built on Jun  8 2015 18:03:07 by "java_re" with MS VC++ 10.0 (VS2010)

time: Wed Nov 25 18:10:28 2015
elapsed time: 1 seconds (0d 0h 0m 1s)

