#
# There is insufficient memory for the Java Runtime Environment to continue.
# Native memory allocation (malloc) failed to allocate 727216 bytes for Chunk::new
# Possible reasons:
#   The system is out of physical RAM or swap space
#   In 32 bit mode, the process size limit was hit
# Possible solutions:
#   Reduce memory load on the system
#   Increase physical memory or swap space
#   Check if swap backing store is full
#   Use 64 bit Java on a 64 bit OS
#   Decrease Java heap size (-Xmx/-Xms)
#   Decrease number of Java threads
#   Decrease Java thread stack sizes (-Xss)
#   Set larger code cache with -XX:ReservedCodeCacheSize=
# This output file may be truncated or incomplete.
#
#  Out of Memory Error (allocation.cpp:390), pid=7212, tid=5924
#
# JRE version: Java(TM) SE Runtime Environment (8.0_51-b16) (build 1.8.0_51-b16)
# Java VM: Java HotSpot(TM) 64-Bit Server VM (25.51-b03 mixed mode windows-amd64 compressed oops)
# Failed to write core dump. Minidumps are not enabled by default on client versions of Windows
#

---------------  T H R E A D  ---------------

Current thread (0x0000000016f0a800):  JavaThread "C2 CompilerThread1" daemon [_thread_in_native, id=5924, stack(0x00000000175e0000,0x00000000176e0000)]

Stack: [0x00000000175e0000,0x00000000176e0000]
[error occurred during error reporting (printing stack bounds), id 0xc0000005]

Native frames: (J=compiled Java code, j=interpreted, Vv=VM code, C=native code)
V  [jvm.dll+0x32b4ca]


Current CompileTask:
C2:   3378 1603       4       com.android.dx.ssa.NormalSsaInsn::accept (25 bytes)


---------------  P R O C E S S  ---------------

Java Threads: ( => current thread )
  0x00000000171e6000 JavaThread "pool-1-thread-4" [_thread_in_Java, id=9112, stack(0x00000000186e0000,0x00000000187e0000)]
  0x0000000017226000 JavaThread "pool-1-thread-3" [_thread_blocked, id=4692, stack(0x00000000185e0000,0x00000000186e0000)]
  0x0000000017224800 JavaThread "pool-1-thread-2" [_thread_in_vm, id=5180, stack(0x00000000184e0000,0x00000000185e0000)]
  0x0000000017221000 JavaThread "pool-2-thread-1" [_thread_blocked, id=8764, stack(0x00000000183e0000,0x00000000184e0000)]
  0x000000001721e800 JavaThread "pool-1-thread-1" [_thread_in_Java, id=8024, stack(0x00000000182e0000,0x00000000183e0000)]
  0x0000000016f6d800 JavaThread "Service Thread" daemon [_thread_blocked, id=6164, stack(0x00000000178e0000,0x00000000179e0000)]
  0x0000000016f69000 JavaThread "C1 CompilerThread3" daemon [_thread_blocked, id=8904, stack(0x00000000177e0000,0x00000000178e0000)]
  0x0000000016f64000 JavaThread "C2 CompilerThread2" daemon [_thread_in_native, id=2932, stack(0x00000000176e0000,0x00000000177e0000)]
=>0x0000000016f0a800 JavaThread "C2 CompilerThread1" daemon [_thread_in_native, id=5924, stack(0x00000000175e0000,0x00000000176e0000)]
  0x0000000016f05800 JavaThread "C2 CompilerThread0" daemon [_thread_in_native, id=3624, stack(0x00000000174e0000,0x00000000175e0000)]
  0x0000000016f04800 JavaThread "Attach Listener" daemon [_thread_blocked, id=1952, stack(0x00000000173e0000,0x00000000174e0000)]
  0x0000000016f03800 JavaThread "Signal Dispatcher" daemon [_thread_blocked, id=7328, stack(0x00000000172e0000,0x00000000173e0000)]
  0x00000000023e8800 JavaThread "Finalizer" daemon [_thread_blocked, id=9608, stack(0x0000000016de0000,0x0000000016ee0000)]
  0x00000000023e2000 JavaThread "Reference Handler" daemon [_thread_blocked, id=7712, stack(0x0000000016ce0000,0x0000000016de0000)]
  0x000000000216d800 JavaThread "main" [_thread_in_Java, id=3268, stack(0x00000000021f0000,0x00000000022f0000)]

Other Threads:
  0x0000000014f09000 VMThread [stack: 0x0000000016be0000,0x0000000016ce0000] [id=5724]
  0x0000000016f6e000 WatcherThread [stack: 0x00000000179e0000,0x0000000017ae0000] [id=6520]

VM state:not at safepoint (normal execution)

VM Mutex/Monitor currently owned by a thread: None

Heap:
 PSYoungGen      total 71680K, used 33495K [0x00000000eab00000, 0x00000000ef600000, 0x0000000100000000)
  eden space 66560K, 42% used [0x00000000eab00000,0x00000000ec6ba168,0x00000000eec00000)
  from space 5120K, 99% used [0x00000000ef100000,0x00000000ef5fbb18,0x00000000ef600000)
  to   space 5120K, 0% used [0x00000000eec00000,0x00000000eec00000,0x00000000ef100000)
 ParOldGen       total 87552K, used 6184K [0x00000000c0000000, 0x00000000c5580000, 0x00000000eab00000)
  object space 87552K, 7% used [0x00000000c0000000,0x00000000c060a348,0x00000000c5580000)
 Metaspace       used 6223K, capacity 7128K, committed 7424K, reserved 1056768K
  class space    used 614K, capacity 656K, committed 768K, reserved 1048576K

Card table byte_map: [0x00000000117b0000,0x00000000119c0000] byte_map_base: 0x00000000111b0000

Marking Bits: (ParMarkBitMap*) 0x000000006f634040
 Begin Bits: [0x0000000012320000, 0x0000000013320000)
 End Bits:   [0x0000000013320000, 0x0000000014320000)

Polling page: 0x0000000000850000

CodeCache: size=245760Kb used=6891Kb max_used=6891Kb free=238868Kb
 bounds [0x00000000023f0000, 0x0000000002ac0000, 0x00000000113f0000]
 total_blobs=1888 nmethods=1620 adapters=182
 compilation: enabled

Compilation events (10 events):
Event: 3.343 Thread 0x0000000016f69000 1655       2       com.android.dx.ssa.SsaRenamer$1::<init> (10 bytes)
Event: 3.343 Thread 0x0000000016f69000 nmethod 1655 0x0000000002aab790 code [0x0000000002aab8e0, 0x0000000002aaba50]
Event: 3.343 Thread 0x0000000016f69000 1663       2       com.android.dx.ssa.ConstCollector::run (236 bytes)
Event: 3.346 Thread 0x0000000016f69000 nmethod 1663 0x0000000002aabad0 code [0x0000000002aabec0, 0x0000000002aad158]
Event: 3.347 Thread 0x0000000016f69000 1665       2       com.android.dx.cf.code.OneLocalsArray::makeInitialized (55 bytes)
Event: 3.347 Thread 0x0000000016f69000 nmethod 1665 0x0000000002aaf250 code [0x0000000002aaf3e0, 0x0000000002aaf778]
Event: 3.348 Thread 0x0000000016f69000 1666       2       java.util.ArrayList::sort (48 bytes)
Event: 3.349 Thread 0x0000000016f69000 nmethod 1666 0x0000000002aafa90 code [0x0000000002aafc00, 0x0000000002aafdf8]
Event: 3.349 Thread 0x0000000016f69000 1667       2       java.util.Arrays::sort (47 bytes)
Event: 3.349 Thread 0x0000000016f69000 nmethod 1667 0x0000000002aaff10 code [0x0000000002ab00a0, 0x0000000002ab0318]

GC Heap History (4 events):
Event: 1.242 GC heap before
{Heap before GC invocations=1 (full 0):
 PSYoungGen      total 38400K, used 33280K [0x00000000eab00000, 0x00000000ed580000, 0x0000000100000000)
  eden space 33280K, 100% used [0x00000000eab00000,0x00000000ecb80000,0x00000000ecb80000)
  from space 5120K, 0% used [0x00000000ed080000,0x00000000ed080000,0x00000000ed580000)
  to   space 5120K, 0% used [0x00000000ecb80000,0x00000000ecb80000,0x00000000ed080000)
 ParOldGen       total 87552K, used 0K [0x00000000c0000000, 0x00000000c5580000, 0x00000000eab00000)
  object space 87552K, 0% used [0x00000000c0000000,0x00000000c0000000,0x00000000c5580000)
 Metaspace       used 5893K, capacity 6896K, committed 7040K, reserved 1056768K
  class space    used 589K, capacity 616K, committed 640K, reserved 1048576K
Event: 1.304 GC heap after
Heap after GC invocations=1 (full 0):
 PSYoungGen      total 38400K, used 5097K [0x00000000eab00000, 0x00000000ef600000, 0x0000000100000000)
  eden space 33280K, 0% used [0x00000000eab00000,0x00000000eab00000,0x00000000ecb80000)
  from space 5120K, 99% used [0x00000000ecb80000,0x00000000ed07a780,0x00000000ed080000)
  to   space 5120K, 0% used [0x00000000ef100000,0x00000000ef100000,0x00000000ef600000)
 ParOldGen       total 87552K, used 1762K [0x00000000c0000000, 0x00000000c5580000, 0x00000000eab00000)
  object space 87552K, 2% used [0x00000000c0000000,0x00000000c01b8950,0x00000000c5580000)
 Metaspace       used 5893K, capacity 6896K, committed 7040K, reserved 1056768K
  class space    used 589K, capacity 616K, committed 640K, reserved 1048576K
}
Event: 2.094 GC heap before
{Heap before GC invocations=2 (full 0):
 PSYoungGen      total 38400K, used 38377K [0x00000000eab00000, 0x00000000ef600000, 0x0000000100000000)
  eden space 33280K, 100% used [0x00000000eab00000,0x00000000ecb80000,0x00000000ecb80000)
  from space 5120K, 99% used [0x00000000ecb80000,0x00000000ed07a780,0x00000000ed080000)
  to   space 5120K, 0% used [0x00000000ef100000,0x00000000ef100000,0x00000000ef600000)
 ParOldGen       total 87552K, used 1762K [0x00000000c0000000, 0x00000000c5580000, 0x00000000eab00000)
  object space 87552K, 2% used [0x00000000c0000000,0x00000000c01b8950,0x00000000c5580000)
 Metaspace       used 6149K, capacity 7064K, committed 7424K, reserved 1056768K
  class space    used 612K, capacity 656K, committed 768K, reserved 1048576K
Event: 2.707 GC heap after
Heap after GC invocations=2 (full 0):
 PSYoungGen      total 71680K, used 5102K [0x00000000eab00000, 0x00000000ef600000, 0x0000000100000000)
  eden space 66560K, 0% used [0x00000000eab00000,0x00000000eab00000,0x00000000eec00000)
  from space 5120K, 99% used [0x00000000ef100000,0x00000000ef5fbb18,0x00000000ef600000)
  to   space 5120K, 0% used [0x00000000eec00000,0x00000000eec00000,0x00000000ef100000)
 ParOldGen       total 87552K, used 6184K [0x00000000c0000000, 0x00000000c5580000, 0x00000000eab00000)
  object space 87552K, 7% used [0x00000000c0000000,0x00000000c060a348,0x00000000c5580000)
 Metaspace       used 6149K, capacity 7064K, committed 7424K, reserved 1056768K
  class space    used 612K, capacity 656K, committed 768K, reserved 1048576K
}

Deoptimization events (10 events):
Event: 2.005 Thread 0x000000000216d800 Uncommon trap: reason=bimorphic action=maybe_recompile pc=0x00000000029b52a4 method=com.android.dx.cf.code.BytecodeArray.parseInstruction(ILcom/android/dx/cf/code/BytecodeArray$Visitor;)I @ 907
Event: 2.017 Thread 0x00000000171e6000 Uncommon trap: reason=unstable_if action=reinterpret pc=0x0000000002731db0 method=java.util.HashMap.putVal(ILjava/lang/Object;Ljava/lang/Object;ZZ)Ljava/lang/Object; @ 162
Event: 3.160 Thread 0x00000000171e6000 Uncommon trap: reason=unstable_if action=reinterpret pc=0x0000000002878f44 method=java.util.HashMap.getNode(ILjava/lang/Object;)Ljava/util/HashMap$Node; @ 84
Event: 3.208 Thread 0x000000000216d800 Uncommon trap: reason=unstable_if action=reinterpret pc=0x00000000028d1244 method=java.util.HashMap.putVal(ILjava/lang/Object;Ljava/lang/Object;ZZ)Ljava/lang/Object; @ 162
Event: 3.249 Thread 0x000000001721e800 Uncommon trap: reason=unstable_if action=reinterpret pc=0x00000000029de330 method=com.android.dx.ssa.SCCP.simulateBranch(Lcom/android/dx/ssa/SsaInsn;)V @ 64
Event: 3.255 Thread 0x00000000171e6000 Uncommon trap: reason=unstable_if action=reinterpret pc=0x0000000002813378 method=com.android.dx.cf.code.Ropper.labelToResultIndex(I)I @ 34
Event: 3.256 Thread 0x00000000171e6000 Uncommon trap: reason=null_check action=make_not_entrant pc=0x0000000002705710 method=com.android.dx.ssa.SsaRenamer.getLocalForNewReg(I)Lcom/android/dx/rop/code/LocalItem; @ 19
Event: 3.361 Thread 0x000000001721e800 Uncommon trap: reason=unstable_if action=reinterpret pc=0x00000000027f14fc method=com.android.dx.util.IntList.binarysearch(I)I @ 105
Event: 3.362 Thread 0x000000001721e800 Uncommon trap: reason=unstable_if action=reinterpret pc=0x0000000002a27828 method=com.android.dx.ssa.SsaBasicBlock.newFromRop(Lcom/android/dx/rop/code/RopMethod;ILcom/android/dx/ssa/SsaMethod;)Lcom/android/dx/ssa/SsaBasicBlock; @ 164
Event: 3.367 Thread 0x000000001721e800 Uncommon trap: reason=bimorphic action=maybe_recompile pc=0x0000000002a5c17c method=com.android.dx.ssa.LiteralOpUpgrader.tryReplacingWithConstant(Lcom/android/dx/ssa/NormalSsaInsn;)Z @ 52

Internal exceptions (7 events):
Event: 0.048 Thread 0x000000000216d800 Exception <a 'java/lang/NoSuchMethodError': Method sun.misc.Unsafe.defineClass(Ljava/lang/String;[BII)Ljava/lang/Class; name or signature does not match> (0x00000000eab0d240) thrown at [C:\re\workspace\8-2-build-windows-amd64-cygwin\jdk8u51\3951\hotspot\srØ√Ô*®®?
Event: 0.048 Thread 0x000000000216d800 Exception <a 'java/lang/NoSuchMethodError': Method sun.misc.Unsafe.prefetchRead(Ljava/lang/Object;J)V name or signature does not match> (0x00000000eab0d4d0) thrown at [C:\re\workspace\8-2-build-windows-amd64-cygwin\jdk8u51\3951\hotspot\src\share\vm\prims\jÅ#Lk°
Event: 1.938 Thread 0x0000000017224800 Implicit null exception at 0x00000000026f9bb1 to 0x00000000026fc149
Event: 2.019 Thread 0x00000000171e6000 Exception <a 'java/lang/ArrayIndexOutOfBoundsException': 18> (0x00000000ec94abe0) thrown at [C:\re\workspace\8-2-build-windows-amd64-cygwin\jdk8u51\3951\hotspot\src\share\vm\interpreter\interpreterRuntime.cpp, line 366]
Event: 2.020 Thread 0x00000000171e6000 Exception <a 'java/lang/ArrayIndexOutOfBoundsException': 145> (0x00000000ec94c6b0) thrown at [C:\re\workspace\8-2-build-windows-amd64-cygwin\jdk8u51\3951\hotspot\src\share\vm\interpreter\interpreterRuntime.cpp, line 366]
Event: 2.039 Thread 0x00000000171e6000 Exception <a 'java/lang/ArrayIndexOutOfBoundsException'> (0x00000000ec94d8e8) thrown at [C:\re\workspace\8-2-build-windows-amd64-cygwin\jdk8u51\3951\hotspot\src\share\vm\runtime\sharedRuntime.cpp, line 605]
Event: 3.256 Thread 0x00000000171e6000 Implicit null exception at 0x00000000027030b8 to 0x00000000027056f5

Events (10 events):
Event: 3.338 Thread 0x0000000017224800 DEOPT UNPACKING pc=0x000000000243747f sp=0x00000000185de188 mode 0
Event: 3.361 Thread 0x000000001721e800 Uncommon trap: trap_request=0xffffff65 fr.pc=0x00000000027f14fc
Event: 3.361 Thread 0x000000001721e800 DEOPT PACKING pc=0x00000000027f14fc sp=0x00000000183de6f0
Event: 3.361 Thread 0x000000001721e800 DEOPT UNPACKING pc=0x000000000243582a sp=0x00000000183de668 mode 2
Event: 3.362 Thread 0x000000001721e800 Uncommon trap: trap_request=0xffffff65 fr.pc=0x0000000002a27828
Event: 3.362 Thread 0x000000001721e800 DEOPT PACKING pc=0x0000000002a27828 sp=0x00000000183de7b0
Event: 3.362 Thread 0x000000001721e800 DEOPT UNPACKING pc=0x000000000243582a sp=0x00000000183de7a8 mode 2
Event: 3.367 Thread 0x000000001721e800 Uncommon trap: trap_request=0xffffffc6 fr.pc=0x0000000002a5c17c
Event: 3.367 Thread 0x000000001721e800 DEOPT PACKING pc=0x0000000002a5c17c sp=0x00000000183de650
Event: 3.367 Thread 0x000000001721e800 DEOPT UNPACKING pc=0x000000000243582a sp=0x00000000183de600 mode 2


Dynamic libraries:
0x00007ff6cbf80000 - 0x00007ff6cbfb7000 	C:\Program Files\Java\jdk1.8.0_51\bin\java.exe
0x00007ffe36380000 - 0x00007ffe36541000 	C:\WINDOWS\SYSTEM32\ntdll.dll
0x00007ffe36270000 - 0x00007ffe3631d000 	C:\WINDOWS\system32\KERNEL32.DLL
0x00007ffe33020000 - 0x00007ffe331fd000 	C:\WINDOWS\system32\KERNELBASE.dll
0x00007ffe33c00000 - 0x00007ffe33ca6000 	C:\WINDOWS\system32\ADVAPI32.dll
0x00007ffe360f0000 - 0x00007ffe3618d000 	C:\WINDOWS\system32\msvcrt.dll
0x00007ffe34880000 - 0x00007ffe348db000 	C:\WINDOWS\system32\sechost.dll
0x00007ffe33ad0000 - 0x00007ffe33bf6000 	C:\WINDOWS\system32\RPCRT4.dll
0x00007ffe33ec0000 - 0x00007ffe3400e000 	C:\WINDOWS\system32\USER32.dll
0x00007ffe343f0000 - 0x00007ffe34576000 	C:\WINDOWS\system32\GDI32.dll
0x00007ffe2e0a0000 - 0x00007ffe2e314000 	C:\WINDOWS\WinSxS\amd64_microsoft.windows.common-controls_6595b64144ccf1df_6.0.10240.16384_none_f41f7b285750ef43\COMCTL32.dll
0x00007ffe35ee0000 - 0x00007ffe35f16000 	C:\WINDOWS\system32\IMM32.DLL
0x00007ffe33cb0000 - 0x00007ffe33e0c000 	C:\WINDOWS\system32\MSCTF.dll
0x000000006f6c0000 - 0x000000006f792000 	C:\Program Files\Java\jdk1.8.0_51\jre\bin\msvcr100.dll
0x000000006ee30000 - 0x000000006f6b3000 	C:\Program Files\Java\jdk1.8.0_51\jre\bin\server\jvm.dll
0x00007ffe35ed0000 - 0x00007ffe35ed8000 	C:\WINDOWS\system32\PSAPI.DLL
0x00007ffe305a0000 - 0x00007ffe305a9000 	C:\WINDOWS\SYSTEM32\WSOCK32.dll
0x00007ffe31400000 - 0x00007ffe31423000 	C:\WINDOWS\SYSTEM32\WINMM.dll
0x00007ffe33a50000 - 0x00007ffe33ab9000 	C:\WINDOWS\system32\WS2_32.dll
0x00007ffe2f540000 - 0x00007ffe2f54a000 	C:\WINDOWS\SYSTEM32\VERSION.dll
0x00007ffe33ac0000 - 0x00007ffe33ac8000 	C:\WINDOWS\system32\NSI.dll
0x0000000000880000 - 0x00000000008ac000 	C:\WINDOWS\SYSTEM32\WINMMBASE.dll
0x00007ffe33a00000 - 0x00007ffe33a44000 	C:\WINDOWS\system32\cfgmgr32.dll
0x00007ffe31720000 - 0x00007ffe31747000 	C:\WINDOWS\SYSTEM32\DEVOBJ.dll
0x000000006ee20000 - 0x000000006ee2f000 	C:\Program Files\Java\jdk1.8.0_51\jre\bin\verify.dll
0x000000006edf0000 - 0x000000006ee19000 	C:\Program Files\Java\jdk1.8.0_51\jre\bin\java.dll
0x000000006edd0000 - 0x000000006ede6000 	C:\Program Files\Java\jdk1.8.0_51\jre\bin\zip.dll
0x00007ffe349a0000 - 0x00007ffe35ec2000 	C:\WINDOWS\system32\SHELL32.dll
0x00007ffe333d0000 - 0x00007ffe339f8000 	C:\WINDOWS\system32\windows.storage.dll
0x00007ffe34010000 - 0x00007ffe3428c000 	C:\WINDOWS\system32\combase.dll
0x00007ffe348e0000 - 0x00007ffe34931000 	C:\WINDOWS\system32\shlwapi.dll
0x00007ffe32dd0000 - 0x00007ffe32ddf000 	C:\WINDOWS\system32\kernel.appcore.dll
0x00007ffe33310000 - 0x00007ffe333c3000 	C:\WINDOWS\system32\shcore.dll
0x00007ffe32e00000 - 0x00007ffe32e4a000 	C:\WINDOWS\system32\powrprof.dll
0x00007ffe32db0000 - 0x00007ffe32dc3000 	C:\WINDOWS\system32\profapi.dll

VM Arguments:
jvm_args: -Djava.awt.headless=true -Xmx1024M -Dfile.encoding=windows-1252 -Duser.country=ES -Duser.language=es -Duser.variant 
java_command: com.android.dx.command.Main --dex --num-threads=4 --output E:\Programas\proyectos android\moneyManagerV4\app\build\intermediates\pre-dexed\debug\com.android.support-recyclerview-v7-23.1.0_32345fae370fa36bc141b870185312dc9e4c8208.jar E:\Programas\proyectos android\moneyManagerV4\app\build\intermediates\exploded-aar\com.android.support\recyclerview-v7\23.1.0\jars\classes.jar
java_class_path (initial): C:\Android\sdk\build-tools\23.0.2\lib\dx.jar
Launcher Type: SUN_STANDARD

Environment Variables:
JAVA_HOME=C:\Program Files\Java\jdk1.8.0_60
PATH=C:\ProgramData\Oracle\Java\javapath;C:\Windows\system32;C:\Windows;C:\Windows\System32\Wbem;C:\Windows\System32\WindowsPowerShell\v1.0\;C:\Program Files (x86)\NVIDIA Corporation\PhysX\Common;C:\WINDOWS\system32;C:\WINDOWS;C:\WINDOWS\System32\Wbem;C:\WINDOWS\System32\WindowsPowerShell\v1.0\;C:\Program Files (x86)\GtkSharp\2.12\bin
USERNAME=Rene AMG
OS=Windows_NT
PROCESSOR_IDENTIFIER=AMD64 Family 21 Model 2 Stepping 0, AuthenticAMD



---------------  S Y S T E M  ---------------

OS: Windows 10.0 , 64 bit Build 10240 (10.0.10240.16384)

CPU:total 8 (8 cores per cpu, 1 threads per core) family 21 model 2 stepping 0, cmov, cx8, fxsr, mmx, sse, sse2, sse3, ssse3, sse4.1, sse4.2, popcnt, avx, aes, clmul, mmxext, 3dnowpref, lzcnt, sse4a, tsc, tscinvbit, tscinv, bmi1

Memory: 4k page, physical 8354460k(2504756k free), swap 10033116k(4368k free)

vm_info: Java HotSpot(TM) 64-Bit Server VM (25.51-b03) for windows-amd64 JRE (1.8.0_51-b16), built on Jun  8 2015 18:03:07 by "java_re" with MS VC++ 10.0 (VS2010)

time: Wed Nov 25 18:10:15 2015
elapsed time: 3 seconds (0d 0h 0m 3s)

